Loading cache/cryptocurrency_database.miniticker_collection_11202018.json
Running simulate with cryptocurrency_database.miniticker_collection_11202018.db signal TrendStateTrack_Signal
Resetting initial BTC...
Initial BTC value = 0.2
Running MultiTrade simulation strategy basic_signal_market_strategy signal(s) TrendStateTrack_Signal
Resetting initial BTC...
buy(1, PAXBTC, 20.0) @ 0.00023122
buy(1, ZENBTC, 2.087) @ 0.00191
buy(1, FUELBTC, 1260.0) @ 3.16e-06
buy(1, BCHSVBTC, 0.307) @ 0.013065
buy(1, STEEMBTC, 45.1) @ 8.86e-05
buy(1, HCBTC, 18.83) @ 0.0002131
buy(1, CVCBTC, 210.0) @ 1.899e-05
buy(1, MITHBTC, 130.0) @ 3.085e-05
buy(1, GTOBTC, 570.0) @ 7e-06
buy(1, TUSDBTC, 20.0) @ 0.0002344
buy(1, USDCBTC, 20.0) @ 0.00023518
buy(1, CMTBTC, 380.0) @ 1.063e-05
buy(1, ARKBTC, 42.96) @ 9.31e-05
buy(1, PHXBTC, 1570.0) @ 2.53e-06
buy(1, BTSBTC, 350.0) @ 1.158e-05
buy(1, BRDBTC, 70.0) @ 5.83e-05
buy(1, POLYBTC, 120.0) @ 3.278e-05
buy(1, ONTBTC, 18.37) @ 0.0002178
buy(1, NAVBTC, 91.32) @ 4.38e-05
buy(1, ENJBTC, 620.0) @ 6.43e-06
buy(1, NANOBTC, 15.81) @ 0.0002521
buy(1, WANBTC, 38.5) @ 0.0001038
buy(1, GVTBTC, 3.36) @ 0.0011941
buy(1, AIONBTC, 103.36) @ 3.88e-05
buy(1, REPBTC, 2.146) @ 0.001866
buy(1, DASHBTC, 0.17) @ 0.023478
buy(1, QTUMBTC, 7.29) @ 0.000548
sell(1, GTOBTC, 570.0) @ 7.03e-06 (bought @ 7e-06, 0.43%)	-0.29%
buy(1, EVXBTC, 70.0) @ 6.091e-05
buy(1, NULSBTC, 30.0) @ 0.00011807
buy(1, ZILBTC, 1020.0) @ 3.94e-06
sell(1, CVCBTC, 210.0) @ 1.682e-05 (bought @ 1.899e-05, -11.43%)	-0.36%
buy(1, PPTBTC, 10.62) @ 0.0003755
buy(1, DOCKBTC, 1460.0) @ 2.74e-06
buy(1, XVGBTC, 2630.0) @ 1.52e-06
buy(1, MANABTC, 300.0) @ 1.343e-05
buy(1, AGIBTC, 490.0) @ 8.22e-06
buy(1, HOTBTC, 30770.0) @ 1.4e-07
buy(1, OMGBTC, 9.37) @ 0.000426
buy(1, XLMBTC, 90.0) @ 4.338e-05
sell(1, HCBTC, 18.83) @ 0.0002027 (bought @ 0.0002131, -4.88%)	-0.65%
buy(1, STRATBTC, 23.65) @ 0.0001691
sell(1, TUSDBTC, 20.0) @ 0.00023649 (bought @ 0.0002344, 0.89%)	-0.97%
sell(1, BRDBTC, 70.0) @ 5.485e-05 (bought @ 5.83e-05, -5.92%)	-1.11%
sell(1, ONTBTC, 18.37) @ 0.0002192 (bought @ 0.0002178, 0.64%)	-1.13%
buy(1, NASBTC, 23.58) @ 0.0001694
sell(1, POLYBTC, 120.0) @ 3.119e-05 (bought @ 3.278e-05, -4.85%)	-0.84%
sell(1, ARKBTC, 42.96) @ 8.86e-05 (bought @ 9.31e-05, -4.83%)	-0.82%
sell(1, NANOBTC, 15.81) @ 0.0002533 (bought @ 0.0002521, 0.48%)	-0.87%
buy(1, IOTABTC, 60.0) @ 6.803e-05
buy(1, ENGBTC, 50.0) @ 7.725e-05
buy(1, TUSDBTC, 20.0) @ 0.00022922
buy(1, MCOBTC, 7.19) @ 0.00056
sell(1, OMGBTC, 9.37) @ 0.00043 (bought @ 0.000426, 0.94%)	-0.63%
sell(1, STEEMBTC, 45.1) @ 8.97e-05 (bought @ 8.86e-05, 1.24%)	-0.56%
buy(1, ICXBTC, 63.29) @ 6.32e-05
buy(1, BCHABCBTC, 0.078000000) @ 0.051127
sell(1, TUSDBTC, 20.0) @ 0.00023147 (bought @ 0.00022922, 0.98%)	-0.35%
buy(1, DCRBTC, 0.735) @ 0.005343
buy(1, ONTBTC, 17.51) @ 0.0002286
buy(1, ZRXBTC, 40.0) @ 9.494e-05
buy(1, VIBBTC, 690.0) @ 5.79e-06
buy(1, YOYOBTC, 910.0) @ 4.41e-06
buy(1, XEMBTC, 230.0) @ 1.745e-05
buy(1, MTHBTC, 720.0) @ 5.59e-06
buy(1, KMDBTC, 25.51) @ 0.000156
buy(1, NEOBTC, 2.02) @ 0.001985
buy(1, LTCBTC, 0.54) @ 0.007415
buy(1, WTCBTC, 12.92) @ 0.0003072
sell(1, ZILBTC, 1020.0) @ 3.98e-06 (bought @ 3.94e-06, 1.02%)	-0.24%
buy(1, NANOBTC, 15.68) @ 0.0002551
buy(1, AEBTC, 29.07) @ 0.0001376
buy(1, ARNBTC, 60.0) @ 6.48e-05
buy(1, NEBLBTC, 16.74) @ 0.000239
buy(1, OMGBTC, 9.3) @ 0.000429
sell(1, USDCBTC, 20.0) @ 0.00022317 (bought @ 0.00023518, -5.11%)	-0.48%
buy(1, ZECBTC, 0.213) @ 0.01881
BUY_FAILED for TRXBTC price=3.1e-06 size=1290.0
sell(1, QTUMBTC, 7.29) @ 0.000523 (bought @ 0.000548, -4.56%)	-0.56%
buy(1, VIABTC, 46.95) @ 8.52e-05
sell(1, FUELBTC, 1260.0) @ 3.27e-06 (bought @ 3.16e-06, 3.48%)	-0.2%
buy(1, GOBTC, 450.0) @ 8.98e-06
sell(1, BCHSVBTC, 0.307) @ 0.012422 (bought @ 0.013065, -4.92%)	-0.18%
sell(1, NULSBTC, 30.0) @ 0.00012579 (bought @ 0.00011807, 6.54%)	-0.17%
buy(1, LINKBTC, 50.0) @ 7.68e-05
buy(1, ZILBTC, 1010.0) @ 3.97e-06
BUY_FAILED for MDABTC price=0.00014286 size=30.0
BUY_FAILED for BTGBTC price=0.004537 size=0.88
BUY_FAILED for WABIBTC price=3.073e-05 size=130.0
BUY_FAILED for STEEMBTC price=9.15e-05 size=43.67
BUY_FAILED for CVCBTC price=1.685e-05 size=240.0
BUY_FAILED for VETBTC price=1.22e-06 size=3310.0
BUY_FAILED for BCDBTC price=0.000207 size=19.231
sell(1, WANBTC, 38.5) @ 0.000105 (bought @ 0.0001038, 1.16%)	-0.89%
buy(1, TUSDBTC, 20.0) @ 0.00023156
BUY_FAILED for ARDRBTC price=1.273e-05 size=310.0
BUY_FAILED for XRPBTC price=9.748e-05 size=40.0
BUY_FAILED for QKCBTC price=9.39e-06 size=430.0
sell(1, LINKBTC, 50.0) @ 7.761e-05 (bought @ 7.68e-05, 1.05%)	-0.22%
buy(1, ADABTC, 400.0) @ 1.003e-05
BUY_FAILED for WAVESBTC price=0.0002435 size=16.45
BUY_FAILED for EOSBTC price=0.0008259 size=4.84
BUY_FAILED for ETCBTC price=0.001248 size=3.2
BUY_FAILED for POWRBTC price=1.949e-05 size=210.0
sell(1, MTHBTC, 720.0) @ 5.67e-06 (bought @ 5.59e-06, 1.43%)	-0.08%
buy(1, ARKBTC, 38.13) @ 0.0001049
BUY_FAILED for XMRBTC price=0.014917 size=0.268
BUY_FAILED for AMBBTC price=1.989e-05 size=200.0
BUY_FAILED for TNTBTC price=3.65e-06 size=1100.0
sell(1, NANOBTC, 15.68) @ 0.0002576 (bought @ 0.0002551, 0.98%)	0.72%
buy(1, TRXBTC, 1260.0) @ 3.19e-06
BUY_FAILED for LINKBTC price=7.948e-05 size=50.0
BUY_FAILED for MTHBTC price=5.7e-06 size=700.0
BUY_FAILED for RLCBTC price=6.34e-05 size=63.09
sell(1, GVTBTC, 3.36) @ 0.0012067 (bought @ 0.0011941, 1.06%)	0.86%
buy(1, GTOBTC, 550.0) @ 7.27e-06
BUY_FAILED for RVNBTC price=4.33e-06 size=930.0
sell(1, TUSDBTC, 20.0) @ 0.0002201 (bought @ 0.00023156, -4.95%)	1.06%
buy(1, QSPBTC, 890.0) @ 4.47e-06
BUY_FAILED for NCASHBTC price=5.3e-07 size=7550.0
BUY_FAILED for SNTBTC price=4.91e-06 size=820.0
BUY_FAILED for LRCBTC price=1.04e-05 size=380.0
BUY_FAILED for SNGLSBTC price=3.48e-06 size=1140.0
BUY_FAILED for DLTBTC price=9.47e-06 size=420.0
sell(1, NEOBTC, 2.02) @ 0.002005 (bought @ 0.001985, 1.01%)	1.04%
buy(1, ASTBTC, 460.0) @ 8.8e-06
BUY_FAILED for ELFBTC price=3.164e-05 size=130.0
BUY_FAILED for IOSTBTC price=1.25e-06 size=3200.0
BUY_FAILED for INSBTC price=6.49e-05 size=60.98
BUY_FAILED for CDTBTC price=2.35e-06 size=1690.0
BUY_FAILED for LENDBTC price=2.08e-06 size=1930.0
sell(1, PAXBTC, 20.0) @ 0.00021816 (bought @ 0.00023122, -5.65%)	0.95%
buy(1, BCPTBTC, 400.0) @ 1.014e-05
BUY_FAILED for GNTBTC price=2.01e-05 size=200.0
BUY_FAILED for IOTXBTC price=2.26e-06 size=1770.0
BUY_FAILED for WPRBTC price=3.66e-06 size=1090.0
sell(1, XLMBTC, 90.0) @ 4.422e-05 (bought @ 4.338e-05, 1.94%)	0.82%
buy(1, XRPBTC, 40.0) @ 9.642e-05
BUY_FAILED for NEOBTC price=0.001992 size=2.01
BUY_FAILED for THETABTC price=1.204e-05 size=330.0
BUY_FAILED for BCHSVBTC price=0.012706 size=0.315
BUY_FAILED for NANOBTC price=0.0002611 size=15.33
BUY_FAILED for BATBTC price=3.619e-05 size=110.0
BUY_FAILED for BTGBTC price=0.004718 size=0.85
sell(1, ICXBTC, 63.29) @ 6.46e-05 (bought @ 6.32e-05, 2.22%)	0.71%
buy(1, BLZBTC, 290.0) @ 1.375e-05
BUY_FAILED for GVTBTC price=0.0011865 size=3.36
BUY_FAILED for STORJBTC price=3.651e-05 size=110.0
sell(1, MITHBTC, 130.0) @ 3.132e-05 (bought @ 3.085e-05, 1.52%)	1.1%
buy(1, QKCBTC, 400.0) @ 1.012e-05
BUY_FAILED for ETCBTC price=0.001249 size=3.2
BUY_FAILED for FUELBTC price=3.37e-06 size=1190.0
BUY_FAILED for RVNBTC price=4.37e-06 size=920.0
sell(1, OMGBTC, 9.3) @ 0.000432 (bought @ 0.000429, 0.7%)	1.53%
buy(1, ELFBTC, 130.0) @ 3.152e-05
BUY_FAILED for STEEMBTC price=9.57e-05 size=41.93
BUY_FAILED for EOSBTC price=0.0008358 size=4.79
BUY_FAILED for WAVESBTC price=0.000252 size=15.87
BUY_FAILED for LOOMBTC price=1.275e-05 size=310.0
BUY_FAILED for POWRBTC price=1.955e-05 size=200.0
BUY_FAILED for GNTBTC price=2.038e-05 size=200.0
sell(1, XEMBTC, 230.0) @ 1.762e-05 (bought @ 1.745e-05, 0.97%)	0.85%
buy(1, TUSDBTC, 20.0) @ 0.0002254
sell(1, ARNBTC, 60.0) @ 6.568e-05 (bought @ 6.48e-05, 1.36%)	0.66%
buy(1, LSKBTC, 11.47) @ 0.0003482
BUY_FAILED for USDCBTC price=0.00022802 size=20.0
BUY_FAILED for IOSTBTC price=1.25e-06 size=3200.0
BUY_FAILED for SALTBTC price=6.01e-05 size=66.56
sell(1, ARKBTC, 38.13) @ 9.88e-05 (bought @ 0.0001049, -5.82%)	0.53%
buy(1, BCHSVBTC, 0.32) @ 0.012505
BUY_FAILED for BNTBTC price=0.00017967 size=20.0
BUY_FAILED for NEOBTC price=0.002025 size=1.97
BUY_FAILED for BATBTC price=3.655e-05 size=110.0
BUY_FAILED for NANOBTC price=0.0002627 size=15.21
BUY_FAILED for XMRBTC price=0.015139 size=0.264
BUY_FAILED for IOTXBTC price=2.18e-06 size=1830.0
BUY_FAILED for POEBTC price=1.38e-06 size=2920.0
sell(1, ENJBTC, 620.0) @ 6.52e-06 (bought @ 6.43e-06, 1.4%)	0.76%
buy(1, LENDBTC, 1920.0) @ 2.08e-06
BUY_FAILED for ADXBTC price=2.311e-05 size=170.0
BUY_FAILED for PIVXBTC price=0.0001764 size=22.69
BUY_FAILED for POLYBTC price=3.272e-05 size=120.0
BUY_FAILED for OAXBTC price=3.095e-05 size=130.0
BUY_FAILED for INSBTC price=6.32e-05 size=63.09
BUY_FAILED for CDTBTC price=2.27e-06 size=1760.0
BUY_FAILED for HCBTC price=0.0002137 size=18.72
BUY_FAILED for NCASHBTC price=5.1e-07 size=7690.0
sell(1, GOBTC, 450.0) @ 9.21e-06 (bought @ 8.98e-06, 2.56%)	1.04%
buy(1, CNDBTC, 1360.0) @ 2.94e-06
BUY_FAILED for OMGBTC price=0.000436 size=9.17
BUY_FAILED for MTLBTC price=6.82e-05 size=58.74
BUY_FAILED for KEYBTC price=8.1e-07 size=5000.0
sell(1, WTCBTC, 12.92) @ 0.0003215 (bought @ 0.0003072, 4.65%)	0.97%
buy(1, OSTBTC, 680.0) @ 5.89e-06
BUY_FAILED for GRSBTC price=8.104e-05 size=50.0
BUY_FAILED for GVTBTC price=0.0012217 size=3.27
BUY_FAILED for FUNBTC price=1.26e-06 size=3170.0
sell(1, KMDBTC, 25.51) @ 0.0001577 (bought @ 0.000156, 1.09%)	0.91%
buy(1, STORJBTC, 100.0) @ 3.932e-05
BUY_FAILED for SKYBTC price=0.000336 size=11.94
sell(1, ADABTC, 400.0) @ 1.02e-05 (bought @ 1.003e-05, 1.69%)	0.82%
buy(1, LINKBTC, 50.0) @ 8.023e-05
BUY_FAILED for BRDBTC price=6.131e-05 size=70.0
BUY_FAILED for WPRBTC price=3.72e-06 size=1070.0
BUY_FAILED for AMBBTC price=2.035e-05 size=200.0
BUY_FAILED for QTUMBTC price=0.000543 size=7.38
BUY_FAILED for DNTBTC price=3.05e-06 size=1300.0
BUY_FAILED for SCBTC price=7.2e-07 size=5560.0
sell(1, VIBBTC, 690.0) @ 5.84e-06 (bought @ 5.79e-06, 0.86%)	1.02%
buy(1, RLCBTC, 64.83) @ 6.14e-05
BUY_FAILED for RCNBTC price=3.51e-06 size=1140.0
BUY_FAILED for QLCBTC price=6.03e-06 size=660.0
BUY_FAILED for CLOAKBTC price=0.0003373 size=11.86
sell(1, BLZBTC, 290.0) @ 1.385e-05 (bought @ 1.375e-05, 0.73%)	0.81%
buy(1, ICXBTC, 61.35) @ 6.51e-05
BUY_FAILED for RVNBTC price=4.3e-06 size=930.0
BUY_FAILED for SYSBTC price=9.82e-06 size=410.0
sell(1, XRPBTC, 40.0) @ 9.733e-05 (bought @ 9.642e-05, 0.94%)	0.63%
buy(1, ARDRBTC, 290.0) @ 1.36e-05
sell(1, QSPBTC, 890.0) @ 4.53e-06 (bought @ 4.47e-06, 1.34%)	0.63%
buy(1, MODBTC, 44.44) @ 9.01e-05
BUY_FAILED for PAXBTC price=0.00022665 size=20.0
BUY_FAILED for BQXBTC price=3.376e-05 size=120.0
BUY_FAILED for NPXSBTC price=1.8e-07 size=22220.0
sell(1, YOYOBTC, 910.0) @ 4.5e-06 (bought @ 4.41e-06, 2.04%)	1.19%
buy(1, EOSBTC, 4.78) @ 0.0008363
BUY_FAILED for TNTBTC price=3.73e-06 size=1070.0
BUY_FAILED for ARNBTC price=6.669e-05 size=60.0
BUY_FAILED for APPCBTC price=1.137e-05 size=350.0
BUY_FAILED for REQBTC price=5.58e-06 size=720.0
sell(1, MCOBTC, 7.19) @ 0.000563 (bought @ 0.00056, 0.54%)	0.95%
buy(1, XRPBTC, 40.0) @ 9.728e-05
BUY_FAILED for WAVESBTC price=0.0002516 size=15.9
BUY_FAILED for POABTC price=9.56e-06 size=420.0
sell(1, ENGBTC, 50.0) @ 7.833e-05 (bought @ 7.725e-05, 1.4%)	0.8%
buy(1, BNTBTC, 20.0) @ 0.00017639
BUY_FAILED for LRCBTC price=1.024e-05 size=390.0
BUY_FAILED for IOSTBTC price=1.29e-06 size=3100.0
sell(1, ARDRBTC, 290.0) @ 1.375e-05 (bought @ 1.36e-05, 1.1%)	0.45%
buy(1, WABIBTC, 120.0) @ 3.301e-05
BUY_FAILED for HCBTC price=0.0002139 size=18.7
sell(1, AIONBTC, 103.36) @ 3.93e-05 (bought @ 3.88e-05, 1.29%)	0.48%
buy(1, USDCBTC, 20.0) @ 0.00022747
BUY_FAILED for BTGBTC price=0.004671 size=0.86
BUY_FAILED for NULSBTC price=0.00012445 size=30.0
BUY_FAILED for PIVXBTC price=0.0001766 size=22.65
BUY_FAILED for LUNBTC price=0.0004261 size=9.36
BUY_FAILED for POLYBTC price=3.322e-05 size=120.0
sell(1, NASBTC, 23.58) @ 0.0001747 (bought @ 0.0001694, 3.13%)	0.65%
buy(1, MDABTC, 30.0) @ 0.00015399
BUY_FAILED for DENTBTC price=2.8e-07 size=14810.0
sell(1, DOCKBTC, 1460.0) @ 2.99e-06 (bought @ 2.74e-06, 9.12%)	0.65%
buy(1, BATBTC, 110.0) @ 3.64e-05
BUY_FAILED for XMRBTC price=0.015201 size=0.263
sell(1, GTOBTC, 550.0) @ 7.43e-06 (bought @ 7.27e-06, 2.2%)	0.81%
buy(1, STORMBTC, 4170.0) @ 9.6e-07
sell(1, PHXBTC, 1570.0) @ 2.7e-06 (bought @ 2.53e-06, 6.72%)	0.81%
buy(1, XZCBTC, 2.77) @ 0.001444
BUY_FAILED for GNTBTC price=2.082e-05 size=190.0
BUY_FAILED for POEBTC price=1.46e-06 size=2720.0
BUY_FAILED for TNBBTC price=1.18e-06 size=3390.0
sell(1, BATBTC, 110.0) @ 3.678e-05 (bought @ 3.64e-05, 1.04%)	0.91%
buy(1, POWRBTC, 200.0) @ 1.991e-05
sell(1, ZILBTC, 1010.0) @ 4.01e-06 (bought @ 3.97e-06, 1.01%)	0.92%
buy(1, GASBTC, 6.53) @ 0.000613
BUY_FAILED for FUNBTC price=1.25e-06 size=3200.0
BUY_FAILED for GRSBTC price=6.878e-05 size=60.0
BUY_FAILED for SNMBTC price=6.9e-06 size=580.0
sell(1, HOTBTC, 30770.0) @ 1.4e-07 (bought @ 1.4e-07, 0.0%)	0.81%
buy(1, XEMBTC, 220.0) @ 1.787e-05
sell(1, TUSDBTC, 20.0) @ 0.00022699 (bought @ 0.0002254, 0.71%)	0.94%
buy(1, BRDBTC, 70.0) @ 5.786e-05
sell(1, ELFBTC, 130.0) @ 3.198e-05 (bought @ 3.152e-05, 1.46%)	1.1%
buy(1, ARDRBTC, 290.0) @ 1.39e-05
BUY_FAILED for MTLBTC price=7.23e-05 size=55.48
sell(1, OSTBTC, 680.0) @ 6e-06 (bought @ 5.89e-06, 1.87%)	1.1%
buy(1, CLOAKBTC, 11.73) @ 0.0003404
sell(1, QKCBTC, 400.0) @ 9.58e-06 (bought @ 1.012e-05, -5.34%)	0.85%
buy(1, DOCKBTC, 1280.0) @ 3.14e-06
sell(1, NAVBTC, 91.32) @ 4.19e-05 (bought @ 4.38e-05, -4.34%)	0.69%
buy(1, ZILBTC, 1020.0) @ 3.95e-06
sell(1, LSKBTC, 11.47) @ 0.0003521 (bought @ 0.0003482, 1.12%)	1.08%
buy(1, ADABTC, 390.0) @ 1.031e-05
BUY_FAILED for XLMBTC price=4.416e-05 size=90.0
sell(1, BNTBTC, 20.0) @ 0.00017912 (bought @ 0.00017639, 1.55%)	1.22%
buy(1, ENGBTC, 40.0) @ 8.996e-05
BUY_FAILED for ETCBTC price=0.001246 size=3.21
sell(1, MODBTC, 44.44) @ 9.14e-05 (bought @ 9.01e-05, 1.44%)	1.27%
buy(1, REQBTC, 660.0) @ 6.04e-06
BUY_FAILED for BATBTC price=3.718e-05 size=110.0
BUY_FAILED for ARNBTC price=6.843e-05 size=60.0
sell(1, WABIBTC, 120.0) @ 3.359e-05 (bought @ 3.301e-05, 1.76%)	1.24%
BUY_FAILED for SALTBTC price=6.21e-05 size=64.41
buy(1, BQXBTC, 110.0) @ 3.48e-05
BUY_FAILED for WANBTC price=0.0001067 size=37.52
BUY_FAILED for POABTC price=9.74e-06 size=410.0
sell(1, BRDBTC, 70.0) @ 5.856e-05 (bought @ 5.786e-05, 1.21%)	1.38%
buy(1, NULSBTC, 30.0) @ 0.0001326
BUY_FAILED for VETBTC price=1.26e-06 size=3170.0
buy(1, RDNBTC, 60.0) @ 6.204e-05
BUY_FAILED for NASBTC price=0.0001767 size=22.61
BUY_FAILED for ELFBTC price=3.211e-05 size=120.0
sell(1, VIABTC, 46.95) @ 8.62e-05 (bought @ 8.52e-05, 1.17%)	1.39%
buy(1, THETABTC, 330.0) @ 1.212e-05
BUY_FAILED for APPCBTC price=1.134e-05 size=350.0
sell(1, ASTBTC, 460.0) @ 8.36e-06 (bought @ 8.8e-06, -5.0%)	1.44%
buy(1, SYSBTC, 390.0) @ 1.015e-05
sell(1, ENGBTC, 40.0) @ 9.133e-05 (bought @ 8.996e-05, 1.52%)	1.46%
sell(1, BCPTBTC, 400.0) @ 1.026e-05 (bought @ 1.014e-05, 1.18%)	1.51%
buy(1, MITHBTC, 120.0) @ 3.192e-05
BUY_FAILED for GNTBTC price=2.189e-05 size=180.0
buy(1, BLZBTC, 280.0) @ 1.404e-05
sell(1, ARDRBTC, 290.0) @ 1.402e-05 (bought @ 1.39e-05, 0.86%)	1.61%
buy(1, RVNBTC, 910.0) @ 4.37e-06
BUY_FAILED for XMRBTC price=0.01524 size=0.263
BUY_FAILED for GTOBTC price=7.55e-06 size=530.0
BUY_FAILED for NEOBTC price=0.002019 size=1.98
BUY_FAILED for PIVXBTC price=0.0001823 size=21.93
BUY_FAILED for HOTBTC price=1.3e-07 size=30770.0
sell(1, NULSBTC, 30.0) @ 0.000126 (bought @ 0.0001326, -4.98%)	1.89%
buy(1, OAXBTC, 120.0) @ 3.181e-05
sell(1, IOTABTC, 60.0) @ 7.105e-05 (bought @ 6.803e-05, 4.44%)	1.91%
buy(1, DENTBTC, 13790.0) @ 2.9e-07
BUY_FAILED for POLYBTC price=3.363e-05 size=120.0
BUY_FAILED for OMGBTC price=0.000438 size=9.15
BUY_FAILED for ASTBTC price=8.84e-06 size=450.0
BUY_FAILED for MTHBTC price=5.91e-06 size=680.0
BUY_FAILED for QKCBTC price=9.95e-06 size=400.0
BUY_FAILED for NASBTC price=0.0001817 size=22.01
BUY_FAILED for GVTBTC price=0.0012048 size=3.32
BUY_FAILED for DATABTC price=5.25e-06 size=760.0
sell(1, DASHBTC, 0.17) @ 0.024535 (bought @ 0.023478, 4.5%)	1.85%
buy(1, LRCBTC, 330.0) @ 1.224e-05
BUY_FAILED for CVCBTC price=1.615e-05 size=250.0
BUY_FAILED for WTCBTC price=0.0003336 size=12.03
BUY_FAILED for GOBTC price=9.19e-06 size=440.0
BUY_FAILED for AIONBTC price=3.98e-05 size=100.5
sell(1, MDABTC, 30.0) @ 0.00015592 (bought @ 0.00015399, 1.25%)	1.8%
buy(1, WABIBTC, 110.0) @ 3.549e-05
BUY_FAILED for TUSDBTC price=0.00022156 size=20.0
BUY_FAILED for ARNBTC price=7.153e-05 size=60.0
BUY_FAILED for BCPTBTC price=1.061e-05 size=380.0
sell(1, STORJBTC, 100.0) @ 3.735e-05 (bought @ 3.932e-05, -5.01%)	1.6%
buy(1, ARKBTC, 39.18) @ 0.0001021
BUY_FAILED for MODBTC price=9.42e-05 size=42.46
BUY_FAILED for SUBBTC price=1.184e-05 size=340.0
sell(1, AEBTC, 29.07) @ 0.000141 (bought @ 0.0001376, 2.47%)	1.42%
buy(1, WPRBTC, 1090.0) @ 3.66e-06
BUY_FAILED for NCASHBTC price=5.3e-07 size=7550.0
BUY_FAILED for GTOBTC price=7.64e-06 size=520.0
BUY_FAILED for ENJBTC price=6.63e-06 size=600.0
sell(1, ZRXBTC, 40.0) @ 9.723e-05 (bought @ 9.494e-05, 2.41%)	1.57%
buy(1, BATBTC, 100.0) @ 3.972e-05
BUY_FAILED for MDABTC price=0.00016249 size=20.0
BUY_FAILED for IOTXBTC price=2.21e-06 size=1810.0
BUY_FAILED for DGDBTC price=0.00465 size=0.862
sell(1, SYSBTC, 390.0) @ 9.75e-06 (bought @ 1.015e-05, -3.94%)	1.34%
buy(1, PAXBTC, 20.0) @ 0.00022175
BUY_FAILED for MFTBTC price=1.04e-06 size=3880.0
BUY_FAILED for VIBBTC price=5.84e-06 size=680.0
sell(1, LENDBTC, 1920.0) @ 2.15e-06 (bought @ 2.08e-06, 3.37%)	1.41%
buy(1, GNTBTC, 180.0) @ 2.201e-05
BUY_FAILED for OMGBTC price=0.000437 size=9.15
BUY_FAILED for ELFBTC price=3.189e-05 size=130.0
sell(1, XEMBTC, 220.0) @ 1.844e-05 (bought @ 1.787e-05, 3.19%)	1.41%
buy(1, GOBTC, 420.0) @ 9.44e-06
BUY_FAILED for AIONBTC price=4.02e-05 size=99.5
BUY_FAILED for SALTBTC price=6.17e-05 size=64.83
BUY_FAILED for POLYBTC price=3.326e-05 size=120.0
BUY_FAILED for WTCBTC price=0.0003356 size=11.92
sell(1, BCHSVBTC, 0.32) @ 0.011896 (bought @ 0.012505, -4.87%)	1.15%
buy(1, KMDBTC, 25.14) @ 0.0001591
sell(1, RLCBTC, 64.83) @ 5.84e-05 (bought @ 6.14e-05, -4.89%)	0.65%
buy(1, DNTBTC, 1290.0) @ 3.09e-06
BUY_FAILED for MCOBTC price=0.000558 size=7.17
sell(1, ZILBTC, 1020.0) @ 4e-06 (bought @ 3.95e-06, 1.27%)	0.59%
buy(1, ENGBTC, 40.0) @ 8.9e-05
BUY_FAILED for MTHBTC price=5.64e-06 size=710.0
BUY_FAILED for ASTBTC price=8.77e-06 size=460.0
BUY_FAILED for NASBTC price=0.0001807 size=22.14
BUY_FAILED for FUNBTC price=1.31e-06 size=3050.0
BUY_FAILED for KEYBTC price=8.1e-07 size=4940.0
sell(1, REQBTC, 660.0) @ 5.74e-06 (bought @ 6.04e-06, -4.97%)	0.41%
buy(1, BCPTBTC, 390.0) @ 1.021e-05
BUY_FAILED for TUSDBTC price=0.00022506 size=20.0
BUY_FAILED for NAVBTC price=4.3e-05 size=93.02
BUY_FAILED for RCNBTC price=3.51e-06 size=1130.0
sell(1, BCHABCBTC, 0.078000000) @ 0.048629 (bought @ 0.051127, -4.89%)	0.35%
buy(1, QKCBTC, 410.0) @ 9.81e-06
BUY_FAILED for ARNBTC price=7.131e-05 size=60.0
BUY_FAILED for WAVESBTC price=0.000255 size=15.69
sell(1, AGIBTC, 490.0) @ 8.49e-06 (bought @ 8.22e-06, 3.28%)	0.31%
sell(1, CLOAKBTC, 11.73) @ 0.0003227 (bought @ 0.0003404, -5.2%)	0.34%
buy(1, LUNBTC, 9.18) @ 0.000435
buy(1, SKYBTC, 11.94) @ 0.000335
BUY_FAILED for QLCBTC price=6.07e-06 size=660.0
sell(1, ICXBTC, 61.35) @ 6.58e-05 (bought @ 6.51e-05, 1.08%)	0.63%
buy(1, LOOMBTC, 310.0) @ 1.272e-05
sell(1, WABIBTC, 110.0) @ 3.303e-05 (bought @ 3.549e-05, -6.93%)	0.64%
sell(1, LRCBTC, 330.0) @ 1.108e-05 (bought @ 1.224e-05, -9.48%)	0.65%
buy(1, XMRBTC, 0.263) @ 0.015215
BUY_FAILED for SCBTC price=7.3e-07 size=5480.0
sell(1, EVXBTC, 70.0) @ 6.229e-05 (bought @ 6.091e-05, 2.27%)	0.27%
buy(1, ENJBTC, 610.0) @ 6.52e-06
buy(1, ICXBTC, 61.54) @ 6.48e-05
BUY_FAILED for MODBTC price=9.81e-05 size=40.77
sell(1, PPTBTC, 10.62) @ 0.0004087 (bought @ 0.0003755, 8.84%)	0.29%
buy(1, POEBTC, 2800.0) @ 1.43e-06
sell(1, STORMBTC, 4170.0) @ 9.5e-07 (bought @ 9.6e-07, -1.04%)	0.24%
buy(1, MDABTC, 20.0) @ 0.00016497
sell(1, MANABTC, 300.0) @ 1.424e-05 (bought @ 1.343e-05, 6.03%)	0.25%
buy(1, DGDBTC, 0.876) @ 0.004588
sell(1, WPRBTC, 1090.0) @ 3.47e-06 (bought @ 3.66e-06, -5.19%)	-0.54%
buy(1, APPCBTC, 360.0) @ 1.122e-05
sell(1, ONTBTC, 17.51) @ 0.0002176 (bought @ 0.0002286, -4.81%)	-0.72%
buy(1, VIBBTC, 710.0) @ 5.65e-06
BUY_FAILED for WTCBTC price=0.0003306 size=12.11
sell(1, NEBLBTC, 16.74) @ 0.0002466 (bought @ 0.000239, 3.18%)	-0.7%
buy(1, LSKBTC, 11.54) @ 0.0003465
sell(1, MITHBTC, 120.0) @ 3.03e-05 (bought @ 3.192e-05, -5.08%)	-0.63%
buy(1, ASTBTC, 460.0) @ 8.66e-06
sell(1, ICXBTC, 61.54) @ 6.5e-05 (bought @ 6.48e-05, 0.31%)	-0.42%
buy(1, TUSDBTC, 20.0) @ 0.00022657
sell(1, GNTBTC, 180.0) @ 2.217e-05 (bought @ 2.201e-05, 0.73%)	-0.35%
buy(1, SNTBTC, 750.0) @ 5.3e-06
sell(1, XVGBTC, 2630.0) @ 1.57e-06 (bought @ 1.52e-06, 3.29%)	-0.13%
buy(1, GRSBTC, 60.0) @ 6.908e-05
BUY_FAILED for STEEMBTC price=9.6e-05 size=41.75
sell(1, LINKBTC, 50.0) @ 8.129e-05 (bought @ 8.023e-05, 1.32%)	-0.28%
buy(1, ICXBTC, 61.35) @ 6.53e-05
BUY_FAILED for ADXBTC price=2.313e-05 size=170.0
sell(1, THETABTC, 330.0) @ 1.22e-05 (bought @ 1.212e-05, 0.66%)	-0.2%
buy(1, WAVESBTC, 15.69) @ 0.000255
sell(1, VIBBTC, 710.0) @ 5.66e-06 (bought @ 5.65e-06, 0.18%)	-0.3%
buy(1, IOTXBTC, 1760.0) @ 2.27e-06
BUY_FAILED for BRDBTC price=6.191e-05 size=60.0
sell(1, ENGBTC, 40.0) @ 8.477e-05 (bought @ 8.9e-05, -4.75%)	-0.32%
sell(1, QKCBTC, 410.0) @ 1.029e-05 (bought @ 9.81e-06, 4.89%)	-0.36%
buy(1, MODBTC, 42.6) @ 9.39e-05
sell(1, ARKBTC, 39.18) @ 0.0001063 (bought @ 0.0001021, 4.11%)	-0.4%
sell(1, BLZBTC, 280.0) @ 1.41e-05 (bought @ 1.404e-05, 0.43%)	-0.42%
buy(1, RCNBTC, 1140.0) @ 3.5e-06
buy(1, GNTBTC, 180.0) @ 2.23e-05
sell(1, LTCBTC, 0.54) @ 0.007494 (bought @ 0.007415, 1.07%)	-0.2%
buy(1, LINKBTC, 50.0) @ 8.054e-05
sell(1, BATBTC, 100.0) @ 4.012e-05 (bought @ 3.972e-05, 1.01%)	-0.09%
buy(1, ONTBTC, 18.03) @ 0.0002217
sell(1, DCRBTC, 0.735) @ 0.005658 (bought @ 0.005343, 5.9%)	-0.04%
buy(1, NEOBTC, 2.02) @ 0.001984
buy(1, BLZBTC, 260.0) @ 1.53e-05
sell(1, CMTBTC, 380.0) @ 1.092e-05 (bought @ 1.063e-05, 2.73%)	0.09%
buy(1, XEMBTC, 210.0) @ 1.856e-05
sell(1, ASTBTC, 460.0) @ 8.73e-06 (bought @ 8.66e-06, 0.81%)	0.02%
buy(1, ZILBTC, 1010.0) @ 3.96e-06
BUY_FAILED for EVXBTC price=6.433e-05 size=60.0
sell(1, STRATBTC, 23.65) @ 0.0001822 (bought @ 0.0001691, 7.75%)	0.19%
buy(1, EDOBTC, 21.29) @ 0.0001879
BUY_FAILED for HCBTC price=0.0002149 size=18.65
sell(1, BCPTBTC, 390.0) @ 9.68e-06 (bought @ 1.021e-05, -5.19%)	0.05%
buy(1, ARKBTC, 35.81) @ 0.000112
sell(1, BLZBTC, 260.0) @ 1.391e-05 (bought @ 1.53e-05, -9.08%)	-0.29%
buy(1, BATBTC, 100.0) @ 4.021e-05
BUY_FAILED for LTCBTC price=0.007475 size=0.53
sell(1, APPCBTC, 360.0) @ 1.135e-05 (bought @ 1.122e-05, 1.16%)	-0.35%
buy(1, STRATBTC, 22.09) @ 0.0001812
sell(1, OAXBTC, 120.0) @ 3.037e-05 (bought @ 3.181e-05, -4.53%)	-0.43%
buy(1, BRDBTC, 60.0) @ 6.236e-05
sell(1, POEBTC, 2800.0) @ 1.37e-06 (bought @ 1.43e-06, -4.2%)	-0.4%
buy(1, EVXBTC, 60.0) @ 6.43e-05
BUY_FAILED for NULSBTC price=0.00012491 size=30.0
sell(1, DNTBTC, 1290.0) @ 2.94e-06 (bought @ 3.09e-06, -4.85%)	-0.56%
sell(1, LUNBTC, 9.18) @ 0.0004143 (bought @ 0.000435, -4.76%)	-0.61%
buy(1, BCHABCBTC, 0.082000000) @ 0.048517
BUY_FAILED for BTGBTC price=0.00452 size=0.88
BUY_FAILED for HCBTC price=0.0002156 size=18.55
BUY_FAILED for SNMBTC price=6.87e-06 size=590.0
BUY_FAILED for INSBTC price=6.15e-05 size=65.25
sell(1, BQXBTC, 110.0) @ 3.292e-05 (bought @ 3.48e-05, -5.4%)	-0.77%
BUY_FAILED for FUNBTC price=1.32e-06 size=3030.0
buy(1, THETABTC, 330.0) @ 1.222e-05
BUY_FAILED for ASTBTC price=8.46e-06 size=470.0
BUY_FAILED for ARDRBTC price=1.329e-05 size=300.0
sell(1, RVNBTC, 910.0) @ 4.15e-06 (bought @ 4.37e-06, -5.03%)	-0.88%
buy(1, QLCBTC, 670.0) @ 6e-06
BUY_FAILED for LRCBTC price=1.092e-05 size=370.0
sell(1, MODBTC, 42.6) @ 8.87e-05 (bought @ 9.39e-05, -5.54%)	-0.93%
buy(1, QTUMBTC, 7.41) @ 0.00054
BUY_FAILED for ELFBTC price=3.15e-05 size=130.0
BUY_FAILED for NASBTC price=0.0001792 size=22.3
BUY_FAILED for BCDBTC price=0.000218 size=18.182
sell(1, CNDBTC, 1360.0) @ 2.76e-06 (bought @ 2.94e-06, -6.12%)	-1.01%
buy(1, PIVXBTC, 21.79) @ 0.000185
BUY_FAILED for CMTBTC price=1.111e-05 size=360.0
sell(1, DOCKBTC, 1280.0) @ 2.99e-06 (bought @ 3.14e-06, -4.78%)	-0.99%
sell(1, GOBTC, 420.0) @ 8.95e-06 (bought @ 9.44e-06, -5.19%)	-1.21%
sell(1, ZECBTC, 0.213) @ 0.017914 (bought @ 0.01881, -4.76%)	-1.39%
buy(1, KNCBTC, 90.0) @ 4.519e-05
sell(1, LSKBTC, 11.54) @ 0.0003515 (bought @ 0.0003465, 1.44%)	-0.99%
sell(1, GRSBTC, 60.0) @ 6.996e-05 (bought @ 6.908e-05, 1.27%)	-1.16%
sell(1, SNTBTC, 750.0) @ 5.03e-06 (bought @ 5.3e-06, -5.09%)	-1.67%
sell(1, ARKBTC, 35.81) @ 0.0001062 (bought @ 0.000112, -5.18%)	-1.76%
sell(1, EOSBTC, 4.78) @ 0.0007941 (bought @ 0.0008363, -5.05%)	-1.72%
sell(1, EVXBTC, 60.0) @ 6.56e-05 (bought @ 6.43e-05, 2.02%)	-1.76%
sell(1, BTSBTC, 350.0) @ 1.189e-05 (bought @ 1.158e-05, 2.68%)	-1.95%
sell(1, BATBTC, 100.0) @ 3.815e-05 (bought @ 4.021e-05, -5.12%)	-2.07%
sell(1, RCNBTC, 1140.0) @ 3.33e-06 (bought @ 3.5e-06, -4.86%)	-2.21%
sell(1, LOOMBTC, 310.0) @ 1.207e-05 (bought @ 1.272e-05, -5.11%)	-2.37%
sell(1, IOTXBTC, 1760.0) @ 2.17e-06 (bought @ 2.27e-06, -4.41%)	-2.4%
sell(1, ENJBTC, 610.0) @ 6.21e-06 (bought @ 6.52e-06, -4.75%)	-2.46%
sell(1, MDABTC, 20.0) @ 0.00015563 (bought @ 0.00016497, -5.66%)	-2.45%
sell(1, RDNBTC, 60.0) @ 5.812e-05 (bought @ 6.204e-05, -6.32%)	-2.45%
sell(1, POWRBTC, 200.0) @ 2.016e-05 (bought @ 1.991e-05, 1.26%)	-2.43%
sell(1, QLCBTC, 670.0) @ 5.7e-06 (bought @ 6e-06, -5.0%)	-2.4%
sell(1, GASBTC, 6.53) @ 0.000582 (bought @ 0.000613, -5.06%)	-2.38%
sell(1, DGDBTC, 0.876) @ 0.004385 (bought @ 0.004588, -4.42%)	-2.46%
buy(1, EVXBTC, 60.0) @ 6.38e-05
sell(1, GNTBTC, 180.0) @ 2.127e-05 (bought @ 2.23e-05, -4.62%)	-2.0%
sell(1, ICXBTC, 61.35) @ 6.2e-05 (bought @ 6.53e-05, -5.05%)	-1.84%
buy(1, HCBTC, 17.89) @ 0.0002242
buy(1, NULSBTC, 30.0) @ 0.00012541
buy(1, BCDBTC, 18.605) @ 0.000215
buy(1, CMTBTC, 350.0) @ 1.135e-05
buy(1, BTSBTC, 330.0) @ 1.216e-05
buy(1, EOSBTC, 4.81) @ 0.0008313
buy(1, GXSBTC, 20.94) @ 0.0001895
buy(1, AEBTC, 29.24) @ 0.0001371
sell(1, KNCBTC, 90.0) @ 4.289e-05 (bought @ 4.519e-05, -5.09%)	-2.35%
sell(1, THETABTC, 330.0) @ 1.301e-05 (bought @ 1.222e-05, 6.46%)	-2.34%
buy(1, DASHBTC, 0.169) @ 0.023658
buy(1, QKCBTC, 400.0) @ 1.013e-05
sell(1, BRDBTC, 60.0) @ 7.111e-05 (bought @ 6.236e-05, 14.03%)	-2.25%
buy(1, NANOBTC, 16.12) @ 0.0002475
sell(1, XZCBTC, 2.77) @ 0.001385 (bought @ 0.001444, -4.09%)	-2.21%

Trade Symbol Profits:
NEOBTC (1): -2.82%
USDCBTC (1): 4.73%
PAXBTC (1): 6.45%
XEMBTC (1): -3.12%
NANOBTC (1): -0.28%
STRATBTC (1): -2.37%
QTUMBTC (1): -1.67%
EDOBTC (1): -3.14%
EOSBTC (1): -0.37%
DENTBTC (1): -3.45%
DASHBTC (1): -0.03%
AEBTC (1): 0.73%
GXSBTC (1): -0.79%
NULSBTC (1): 1.09%
BTSBTC (1): -0.58%
WAVESBTC (1): 0.63%
ADABTC (1): -3.39%
LINKBTC (1): -3.79%
BCDBTC (1): 1.86%
TRXBTC (1): -1.88%
TUSDBTC (1): 4.84%
ZILBTC (1): -2.27%
ONTBTC (1): -0.95%
ZENBTC (1): -4.08%
PIVXBTC (1): -2.27%
HCBTC (1): -1.25%
SKYBTC (1): -2.69%
CMTBTC (1): -4.67%
QKCBTC (1): -0.49%
EVXBTC (1): -0.94%
KMDBTC (1): -2.7%
XMRBTC (1): -0.5%
REPBTC (1): 27.65%
BCHABCBTC (1): -4.78%
XRPBTC (1): -1.81%

Results:
Total Capture Time:	56.97 hours
Initial BTC total:	0.2
Final BTC total:	0.195586183
Percent Profit: 	-2.21%
