Running simulate with cryptocurrency_database.miniticker_collection_05312018.db signal TrendStateTrack_Signal
Resetting initial BTC...
Initial BTC value = 0.2
Running MultiTrade simulation strategy basic_signal_market_strategy signal(s) TrendStateTrack_Signal
Resetting initial BTC...
buy(1, ADABTC, 140.0) @ 2.85e-05
buy(1, MTLBTC, 9.85) @ 0.0004062
buy(1, THETABTC, 100.0) @ 3.831e-05
buy(1, XLMBTC, 110.0) @ 3.709e-05
buy(1, XRPBTC, 50.0) @ 8.144e-05
buy(1, GTOBTC, 130.0) @ 3.101e-05
buy(1, NANOBTC, 7.37) @ 0.000543
buy(1, ICXBTC, 11.15) @ 0.0003587
buy(1, ONTBTC, 4.53) @ 0.0008839
buy(1, CVCBTC, 90.0) @ 4.654e-05
buy(1, ZILBTC, 270.0) @ 1.491e-05
buy(1, EOSBTC, 2.48) @ 0.0016116
buy(1, ELFBTC, 30.0) @ 0.0001339
buy(1, CMTBTC, 80.0) @ 5.01e-05
buy(1, DASHBTC, 0.097000000) @ 0.041145
buy(1, POABTC, 80.0) @ 5.165e-05
buy(1, TRXBTC, 480.0) @ 8.25e-06
buy(1, ZRXBTC, 20.0) @ 0.00016719
buy(1, VENBTC, 10.0) @ 0.00045813
buy(1, GVTBTC, 2.18) @ 0.0018298
buy(1, MCOBTC, 4.65) @ 0.000861
buy(1, NULSBTC, 10.0) @ 0.0005275
buy(1, OMGBTC, 2.87) @ 0.001397
buy(1, LUNBTC, 2.57) @ 0.0015561
buy(1, SUBBTC, 70.0) @ 5.343e-05
buy(1, RLCBTC, 17.6) @ 0.0002273
buy(1, POWRBTC, 90.0) @ 4.41e-05
buy(1, XEMBTC, 120.0) @ 3.244e-05
buy(1, STORMBTC, 930.0) @ 4.28e-06
buy(1, GNTBTC, 50.0) @ 8.846e-05
buy(1, LOOMBTC, 90.0) @ 4.697e-05
buy(1, MANABTC, 300.0) @ 1.316e-05
buy(1, SNTBTC, 310.0) @ 1.306e-05
buy(1, BCCBTC, 0.030000000) @ 0.133741
buy(1, WPRBTC, 350.0) @ 1.154e-05
buy(1, NEBLBTC, 3.9) @ 0.0010246
buy(1, QLCBTC, 270.0) @ 1.478e-05
buy(1, PPTBTC, 2.33) @ 0.0017156
buy(1, NAVBTC, 32.68) @ 0.0001222
buy(1, ARNBTC, 30.0) @ 0.00015105
buy(1, BCPTBTC, 100.0) @ 4.045e-05
buy(1, ZENBTC, 0.962) @ 0.00415
buy(1, KMDBTC, 11.69) @ 0.000342
buy(1, POEBTC, 1080.0) @ 3.71e-06
buy(1, SNGLSBTC, 460.0) @ 8.72e-06
buy(1, BTSBTC, 150.0) @ 2.646e-05
buy(1, LENDBTC, 660.0) @ 6.04e-06
buy(1, AIONBTC, 14.66) @ 0.0002729
buy(1, STORJBTC, 40.0) @ 9.891e-05
sell(1, THETABTC, 100.0) @ 3.592e-05 (bought @ 3.831e-05, -6.24%)	-0.13%
buy(1, CDTBTC, 770.0) @ 5.21e-06
sell(1, BTSBTC, 150.0) @ 2.67e-05 (bought @ 2.646e-05, 0.91%)	0.24%
buy(1, IOTABTC, 20.0) @ 0.00022132
BUY_FAILED for WANBTC price=0.0006049 size=6.6
BUY_FAILED for CNDBTC price=8.44e-06 size=470.0
BUY_FAILED for QTUMBTC price=0.001773 size=2.26
sell(1, NULSBTC, 10.0) @ 0.00053255 (bought @ 0.0005275, 0.96%)	0.59%
buy(1, NCASHBTC, 1220.0) @ 3.27e-06
BUY_FAILED for WAVESBTC price=0.0005377 size=7.46
BUY_FAILED for RPXBTC price=7.71e-06 size=520.0
BUY_FAILED for TNBBTC price=4.88e-06 size=820.0
BUY_FAILED for KNCBTC price=0.0001701 size=20.0
BUY_FAILED for REQBTC price=1.92e-05 size=210.0
sell(1, GNTBTC, 50.0) @ 8.375e-05 (bought @ 8.846e-05, -5.32%)	0.77%
buy(1, BATBTC, 110.0) @ 3.776e-05
BUY_FAILED for WABIBTC price=0.00010189 size=40.0
sell(1, ZENBTC, 0.962) @ 0.00394 (bought @ 0.00415, -5.06%)	0.13%
buy(1, SALTBTC, 14.68) @ 0.0002725
BUY_FAILED for GASBTC price=0.002656 size=1.5
BUY_FAILED for ARKBTC price=0.0003182 size=12.57
BUY_FAILED for EDOBTC price=0.0001926 size=20.81
BUY_FAILED for XVGBTC price=5.17e-06 size=770.0
BUY_FAILED for XMRBTC price=0.020914 size=0.192
BUY_FAILED for NULSBTC price=0.00053169 size=10.0

Trade Symbol Profits:
DASHBTC (1): -0.38%
OMGBTC (1): 0.86%
SNGLSBTC (1): -0.34%
CMTBTC (1): -3.43%
STORMBTC (1): 0.23%
AIONBTC (1): 0.37%
ZRXBTC (1): 3.2%
MCOBTC (1): 0.23%
POWRBTC (1): -0.68%
POEBTC (1): 0.54%
ARNBTC (1): 7.59%
BCCBTC (1): 0.45%
STORJBTC (1): 1.71%
GVTBTC (1): -0.44%
CDTBTC (1): 2.5%
XEMBTC (1): -0.22%
ZILBTC (1): -0.6%
QLCBTC (1): 2.71%
GTOBTC (1): -0.68%
BATBTC (1): -0.58%
LUNBTC (1): -0.31%
NAVBTC (1): 3.44%
NEBLBTC (1): 1.45%
WPRBTC (1): 3.73%
NANOBTC (1): 1.49%
ICXBTC (1): -0.75%
ADABTC (1): -0.49%
CVCBTC (1): -4.51%
RLCBTC (1): 3.48%
LOOMBTC (1): -1.04%
ONTBTC (1): -2.58%
SUBBTC (1): 1.5%
SNTBTC (1): 2.37%
XRPBTC (1): -0.81%
BCPTBTC (1): 1.41%
LENDBTC (1): -0.66%
EOSBTC (1): 0.98%
NCASHBTC (1): -0.61%
VENBTC (1): -0.53%
ELFBTC (1): -1.38%
TRXBTC (1): -3.39%
MTLBTC (1): -0.42%
PPTBTC (1): -2.21%
KMDBTC (1): -0.03%
IOTABTC (1): 2.84%
XLMBTC (1): 4.02%
MANABTC (1): 6.0%
SALTBTC (1): 0.18%
POABTC (1): 2.01%

Results:
Total Capture Time:	10.77 hours
Initial BTC total:	0.2
Final BTC total:	0.200555698
Percent Profit: 	0.28%
