Running simulate with cryptocurrency_database.miniticker_collection_01202019.db signal TrendStateTrack_Signal
Resetting initial BTC...
Initial BTC value = 0.2
Running MultiTrade simulation strategy basic_signal_market_strategy signal(s) TrendStateTrack_Signal
Resetting initial BTC...
buy(1, REPBTC, 0.837) @ 0.00478
buy(1, CMTBTC, 520.0) @ 7.72e-06
buy(1, HCBTC, 12.9) @ 0.00031
buy(1, STEEMBTC, 34.31) @ 0.0001166
buy(1, OAXBTC, 70.0) @ 6.02e-05
buy(1, IOTXBTC, 1790.0) @ 2.22e-06
buy(1, RCNBTC, 1060.0) @ 3.76e-06
buy(1, GXSBTC, 24.42) @ 0.0001638
buy(1, ASTBTC, 500.0) @ 8.07e-06
buy(1, QKCBTC, 410.0) @ 9.74e-06
buy(1, DOCKBTC, 1430.0) @ 2.8e-06
buy(1, BQXBTC, 70.0) @ 5.863e-05
buy(1, LINKBTC, 30.0) @ 0.00013543
buy(1, AEBTC, 33.93) @ 0.0001179
buy(1, ZENBTC, 2.928) @ 0.001367
buy(1, ARNBTC, 50.0) @ 8.195e-05
buy(1, NANOBTC, 15.8) @ 0.0002532
buy(1, AMBBTC, 220.0) @ 1.853e-05
buy(1, BCDBTC, 17.778) @ 0.000224
buy(1, PHXBTC, 1760.0) @ 2.26e-06
buy(1, BATBTC, 120.0) @ 3.414e-05
buy(1, BCPTBTC, 430.0) @ 9.4e-06
buy(1, APPCBTC, 290.0) @ 1.37e-05
buy(1, WANBTC, 45.51) @ 8.79e-05
buy(1, MTHBTC, 760.0) @ 5.25e-06
buy(1, NEOBTC, 1.9) @ 0.002111
buy(1, DATABTC, 750.0) @ 5.36e-06
buy(1, YOYOBTC, 940.0) @ 4.25e-06
buy(1, MODBTC, 44.0) @ 9.11e-05
buy(1, TRXBTC, 590.0) @ 6.73e-06
buy(1, VIBBTC, 610.0) @ 6.55e-06
buy(1, OMGBTC, 11.36) @ 0.000352
buy(1, ONTBTC, 24.17) @ 0.0001656
buy(1, BRDBTC, 70.0) @ 5.571e-05
buy(1, IOTABTC, 50.0) @ 8.505e-05
sell(1, STEEMBTC, 34.31) @ 0.0001106 (bought @ 0.0001166, -5.15%)	-0.11%
sell(1, OAXBTC, 70.0) @ 6.075e-05 (bought @ 6.02e-05, 0.91%)	-0.12%
buy(1, LUNBTC, 8.95) @ 0.000447
buy(1, RDNBTC, 60.0) @ 6.245e-05
buy(1, VIBEBTC, 360.0) @ 1.102e-05
buy(1, WAVESBTC, 5.6) @ 0.0007145
buy(1, GOBTC, 660.0) @ 6.09e-06
buy(1, OAXBTC, 70.0) @ 5.935e-05
buy(1, KMDBTC, 21.68) @ 0.0001843
buy(1, ADABTC, 330.0) @ 1.215e-05
buy(1, AGIBTC, 310.0) @ 1.302e-05
buy(1, QSPBTC, 850.0) @ 4.68e-06
buy(1, DASHBTC, 0.206) @ 0.019465
buy(1, EOSBTC, 5.99) @ 0.0006681
buy(1, LTCBTC, 0.46) @ 0.008761
buy(1, BLZBTC, 340.0) @ 1.173e-05
buy(1, STRATBTC, 14.48) @ 0.0002763
buy(1, XRPBTC, 40.0) @ 9.04e-05
sell(1, BQXBTC, 70.0) @ 5.942e-05 (bought @ 5.863e-05, 1.35%)	0.21%
buy(1, BCHABCBTC, 0.116) @ 0.034493
BUY_FAILED for XLMBTC price=2.912e-05 size=140.0
BUY_FAILED for SNMBTC price=6.17e-06 size=650.0
sell(1, REPBTC, 0.837) @ 0.004845 (bought @ 0.00478, 1.36%)	0.29%
buy(1, ICXBTC, 61.16) @ 6.56e-05
BUY_FAILED for CLOAKBTC price=0.0003359 size=11.91
buy(1, WABIBTC, 100.0) @ 3.81e-05
sell(1, HCBTC, 12.9) @ 0.0003128 (bought @ 0.00031, 0.9%)	0.7%
buy(1, REPBTC, 0.843) @ 0.004744
BUY_FAILED for BCHSVBTC price=0.021353 size=0.187
BUY_FAILED for DGDBTC price=0.005109 size=0.783
BUY_FAILED for XMRBTC price=0.012413 size=0.322
BUY_FAILED for RLCBTC price=5.45e-05 size=73.53
sell(1, OAXBTC, 70.0) @ 4.988e-05 (bought @ 5.935e-05, -15.96%)	0.39%
buy(1, EVXBTC, 40.0) @ 8.912e-05
sell(1, WABIBTC, 100.0) @ 3.614e-05 (bought @ 3.81e-05, -5.14%)	0.08%
sell(1, ZENBTC, 2.928) @ 0.001294 (bought @ 0.001367, -5.34%)	-0.76%
buy(1, XZCBTC, 2.77) @ 0.001448
BUY_FAILED for MITHBTC price=1.452e-05 size=280.0
BUY_FAILED for ENJBTC price=9.4e-06 size=430.0
BUY_FAILED for MANABTC price=1.079e-05 size=370.0
BUY_FAILED for SNMBTC price=5.95e-06 size=670.0
sell(1, WANBTC, 45.51) @ 8.9e-05 (bought @ 8.79e-05, 1.25%)	-0.81%
buy(1, XMRBTC, 0.322) @ 0.012403
BUY_FAILED for HCBTC price=0.0003101 size=12.9
BUY_FAILED for POEBTC price=1.46e-06 size=2720.0
BUY_FAILED for KEYBTC price=7.8e-07 size=5130.0
BUY_FAILED for MFTBTC price=8.1e-07 size=5000.0
buy(1, TUSDBTC, 10.0) @ 0.00028563
BUY_FAILED for RLCBTC price=5.67e-05 size=70.55
sell(1, RCNBTC, 1060.0) @ 3.57e-06 (bought @ 3.76e-06, -5.05%)	-0.87%
buy(1, GTOBTC, 500.0) @ 7.98e-06
BUY_FAILED for DCRBTC price=0.004818 size=0.83
sell(1, TRXBTC, 590.0) @ 7.07e-06 (bought @ 6.73e-06, 5.05%)	-0.88%
buy(1, RENBTC, 770.0) @ 5.2e-06
BUY_FAILED for DGDBTC price=0.005289 size=0.757
BUY_FAILED for LRCBTC price=1.918e-05 size=210.0
BUY_FAILED for POABTC price=8.1e-06 size=490.0
sell(1, ASTBTC, 500.0) @ 8.22e-06 (bought @ 8.07e-06, 1.86%)	-0.83%
buy(1, STEEMBTC, 35.52) @ 0.0001126
BUY_FAILED for LOOMBTC price=1.219e-05 size=330.0
BUY_FAILED for DENTBTC price=3e-07 size=13330.0
sell(1, MTHBTC, 760.0) @ 4.97e-06 (bought @ 5.25e-06, -5.33%)	-0.78%
buy(1, TNTBTC, 850.0) @ 4.68e-06
BUY_FAILED for NASBTC price=0.0001558 size=25.66
BUY_FAILED for DNTBTC price=3.31e-06 size=1210.0
BUY_FAILED for FUELBTC price=2.29e-06 size=1750.0
BUY_FAILED for XEMBTC price=1.565e-05 size=260.0
sell(1, RENBTC, 770.0) @ 5.26e-06 (bought @ 5.2e-06, 1.15%)	-0.48%
buy(1, WPRBTC, 1070.0) @ 3.72e-06
sell(1, XMRBTC, 0.322) @ 0.012475 (bought @ 0.012403, 0.58%)	-0.46%
buy(1, SUBBTC, 310.0) @ 1.282e-05
sell(1, ARNBTC, 50.0) @ 8.227e-05 (bought @ 8.195e-05, 0.39%)	-0.46%
buy(1, WANBTC, 44.54) @ 8.98e-05
BUY_FAILED for ENGBTC price=7.808e-05 size=50.0
BUY_FAILED for ELFBTC price=3.068e-05 size=130.0
BUY_FAILED for VETBTC price=1.16e-06 size=3450.0
BUY_FAILED for KNCBTC price=3.813e-05 size=110.0
sell(1, PHXBTC, 1760.0) @ 2.29e-06 (bought @ 2.26e-06, 1.33%)	-0.55%
buy(1, ARKBTC, 35.21) @ 0.0001136
BUY_FAILED for TRXBTC price=7.39e-06 size=540.0
sell(1, YOYOBTC, 940.0) @ 4.3e-06 (bought @ 4.25e-06, 1.18%)	-0.62%
buy(1, XMRBTC, 0.316) @ 0.012644
BUY_FAILED for PPTBTC price=0.0003782 size=10.58
sell(1, CMTBTC, 520.0) @ 8.07e-06 (bought @ 7.72e-06, 4.53%)	-0.73%
buy(1, FUNBTC, 2650.0) @ 1.51e-06
BUY_FAILED for ZILBTC price=6.14e-06 size=650.0
BUY_FAILED for NAVBTC price=4.73e-05 size=84.57
BUY_FAILED for CVCBTC price=1.487e-05 size=270.0
BUY_FAILED for MFTBTC price=8.1e-07 size=4940.0
BUY_FAILED for MITHBTC price=1.442e-05 size=280.0
BUY_FAILED for BCHSVBTC price=0.02105 size=0.19
BUY_FAILED for OSTBTC price=6.41e-06 size=620.0
BUY_FAILED for REQBTC price=6.42e-06 size=620.0
BUY_FAILED for ADXBTC price=2.867e-05 size=140.0
sell(1, BLZBTC, 340.0) @ 1.186e-05 (bought @ 1.173e-05, 1.11%)	-0.52%
buy(1, DGDBTC, 0.78) @ 0.005155
BUY_FAILED for VIABTC price=8.72e-05 size=46.14
BUY_FAILED for FUELBTC price=2.32e-06 size=1720.0
sell(1, BRDBTC, 70.0) @ 5.63e-05 (bought @ 5.571e-05, 1.06%)	-0.52%
buy(1, THETABTC, 300.0) @ 1.337e-05
BUY_FAILED for STORMBTC price=8.3e-07 size=4820.0
sell(1, STEEMBTC, 35.52) @ 0.0001071 (bought @ 0.0001126, -4.88%)	-0.63%
BUY_FAILED for DENTBTC price=2.9e-07 size=13330.0
buy(1, RLCBTC, 71.68) @ 5.58e-05
BUY_FAILED for XEMBTC price=1.583e-05 size=250.0
BUY_FAILED for STORJBTC price=3.886e-05 size=100.0
sell(1, REPBTC, 0.843) @ 0.004505 (bought @ 0.004744, -5.04%)	-1.09%
buy(1, MANABTC, 370.0) @ 1.072e-05
BUY_FAILED for YOYOBTC price=4.27e-06 size=940.0
BUY_FAILED for NASBTC price=0.0001566 size=25.53
sell(1, LINKBTC, 30.0) @ 0.00014278 (bought @ 0.00013543, 5.43%)	-0.97%
buy(1, TRXBTC, 540.0) @ 7.37e-06
BUY_FAILED for DCRBTC price=0.004804 size=0.831
sell(1, LUNBTC, 8.95) @ 0.0005284 (bought @ 0.000447, 18.21%)	-1.1%
buy(1, WTCBTC, 12.9) @ 0.0003094
BUY_FAILED for VETBTC price=1.19e-06 size=3360.0
BUY_FAILED for ARDRBTC price=1.54e-05 size=260.0
sell(1, VIBEBTC, 360.0) @ 1.114e-05 (bought @ 1.102e-05, 1.09%)	-1.47%
buy(1, ZILBTC, 660.0) @ 6.1e-06
BUY_FAILED for CNDBTC price=3.26e-06 size=1220.0
BUY_FAILED for FUELBTC price=2.35e-06 size=1700.0
BUY_FAILED for NULSBTC price=0.00011268 size=40.0
sell(1, GTOBTC, 500.0) @ 8.07e-06 (bought @ 7.98e-06, 1.13%)	-1.47%
buy(1, DNTBTC, 1160.0) @ 3.45e-06
sell(1, APPCBTC, 290.0) @ 1.302e-05 (bought @ 1.37e-05, -4.96%)	-1.63%
buy(1, LRCBTC, 160.0) @ 2.433e-05
sell(1, MANABTC, 370.0) @ 1.083e-05 (bought @ 1.072e-05, 1.03%)	-1.43%
buy(1, GTOBTC, 490.0) @ 8.22e-06
BUY_FAILED for STEEMBTC price=0.0001145 size=34.81
BUY_FAILED for OAXBTC price=4.882e-05 size=80.0
BUY_FAILED for LINKBTC price=0.00014472 size=30.0
BUY_FAILED for NAVBTC price=4.75e-05 size=84.03
sell(1, EVXBTC, 40.0) @ 7.315e-05 (bought @ 8.912e-05, -17.92%)	-1.17%
buy(1, ZRXBTC, 50.0) @ 7.869e-05
sell(1, OMGBTC, 11.36) @ 0.00036 (bought @ 0.000352, 2.27%)	-1.25%
buy(1, VETBTC, 3250.0) @ 1.23e-06
sell(1, STRATBTC, 14.48) @ 0.0002629 (bought @ 0.0002763, -4.85%)	-1.12%
buy(1, ARDRBTC, 250.0) @ 1.629e-05
sell(1, RLCBTC, 71.68) @ 5.71e-05 (bought @ 5.58e-05, 2.33%)	-1.13%
buy(1, YOYOBTC, 920.0) @ 4.36e-06
BUY_FAILED for PHXBTC price=2.3e-06 size=1740.0
BUY_FAILED for HOTBTC price=2e-07 size=20000.0
sell(1, XZCBTC, 2.77) @ 0.001451 (bought @ 0.001448, 0.21%)	-1.16%
buy(1, DLTBTC, 110.0) @ 3.483e-05
BUY_FAILED for RVNBTC price=3.48e-06 size=1150.0
sell(1, TNTBTC, 850.0) @ 4.44e-06 (bought @ 4.68e-06, -5.13%)	-1.34%
buy(1, MANABTC, 370.0) @ 1.093e-05
sell(1, BCPTBTC, 430.0) @ 8.92e-06 (bought @ 9.4e-06, -5.11%)	-1.71%
buy(1, BLZBTC, 330.0) @ 1.203e-05
BUY_FAILED for SCBTC price=7e-07 size=5710.0
sell(1, SUBBTC, 310.0) @ 1.308e-05 (bought @ 1.282e-05, 2.03%)	-1.94%
buy(1, LENDBTC, 1760.0) @ 2.27e-06
sell(1, MODBTC, 44.0) @ 8.65e-05 (bought @ 9.11e-05, -5.05%)	-2.06%
buy(1, FUELBTC, 1740.0) @ 2.29e-06
sell(1, WANBTC, 44.54) @ 9.1e-05 (bought @ 8.98e-05, 1.34%)	-1.35%
buy(1, CNDBTC, 1240.0) @ 3.21e-06
sell(1, LTCBTC, 0.46) @ 0.00886 (bought @ 0.008761, 1.13%)	-0.82%
buy(1, OAXBTC, 80.0) @ 4.737e-05
BUY_FAILED for CMTBTC price=8.38e-06 size=480.0
BUY_FAILED for RCNBTC price=3.5e-06 size=1150.0
sell(1, OAXBTC, 80.0) @ 4.832e-05 (bought @ 4.737e-05, 2.01%)	-0.55%
buy(1, LUNBTC, 6.89) @ 0.0005809
BUY_FAILED for ADXBTC price=2.984e-05 size=130.0
BUY_FAILED for ENGBTC price=7.936e-05 size=50.0
sell(1, WTCBTC, 12.9) @ 0.0003114 (bought @ 0.0003094, 0.65%)	-0.54%
buy(1, ENJBTC, 420.0) @ 9.68e-06
BUY_FAILED for WANBTC price=9.26e-05 size=43.2
BUY_FAILED for IOSTBTC price=1.83e-06 size=2190.0
BUY_FAILED for EVXBTC price=7.179e-05 size=60.0
sell(1, TRXBTC, 540.0) @ 7.44e-06 (bought @ 7.37e-06, 0.95%)	-0.55%
buy(1, STEEMBTC, 35.59) @ 0.0001124
BUY_FAILED for POLYBTC price=3.45e-05 size=120.0
BUY_FAILED for NCASHBTC price=5.1e-07 size=7840.0
sell(1, FUNBTC, 2650.0) @ 1.44e-06 (bought @ 1.51e-06, -4.64%)	-0.37%
buy(1, DCRBTC, 0.819) @ 0.004891
BUY_FAILED for TRXBTC price=7.38e-06 size=540.0
BUY_FAILED for RVNBTC price=3.81e-06 size=1050.0
sell(1, CNDBTC, 1240.0) @ 3.23e-06 (bought @ 3.21e-06, 0.62%)	0.18%
buy(1, SNGLSBTC, 1160.0) @ 3.45e-06
BUY_FAILED for VIBEBTC price=1.122e-05 size=360.0
BUY_FAILED for CMTBTC price=8.06e-06 size=500.0
BUY_FAILED for BCPTBTC price=9.49e-06 size=420.0
BUY_FAILED for ASTBTC price=8.51e-06 size=470.0
BUY_FAILED for SALTBTC price=6.42e-05 size=62.31
sell(1, VIBBTC, 610.0) @ 6.87e-06 (bought @ 6.55e-06, 4.89%)	0.17%
buy(1, SYSBTC, 330.0) @ 1.22e-05
BUY_FAILED for MTLBTC price=6.61e-05 size=60.51
BUY_FAILED for STRATBTC price=0.0002719 size=14.71
sell(1, STEEMBTC, 35.59) @ 0.0001137 (bought @ 0.0001124, 1.16%)	0.5%
buy(1, POWRBTC, 140.0) @ 2.793e-05
BUY_FAILED for RVNBTC price=3.88e-06 size=1030.0
BUY_FAILED for TRXBTC price=7.35e-06 size=540.0
BUY_FAILED for ELFBTC price=3.111e-05 size=130.0
BUY_FAILED for GVTBTC price=0.0009817 size=4.08
BUY_FAILED for MFTBTC price=8e-07 size=4940.0
sell(1, AMBBTC, 220.0) @ 1.899e-05 (bought @ 1.853e-05, 2.48%)	0.9%
buy(1, REPBTC, 0.943) @ 0.004228
BUY_FAILED for STEEMBTC price=0.0001209 size=33.17
BUY_FAILED for STRATBTC price=0.000279 size=14.33
BUY_FAILED for POLYBTC price=3.49e-05 size=110.0
BUY_FAILED for WANBTC price=9.23e-05 size=43.34
BUY_FAILED for WABIBTC price=3.838e-05 size=100.0
sell(1, REPBTC, 0.943) @ 0.004023 (bought @ 0.004228, -4.85%)	1.36%
buy(1, RVNBTC, 1040.0) @ 3.84e-06
BUY_FAILED for SALTBTC price=6.58e-05 size=60.79
BUY_FAILED for ELFBTC price=3.082e-05 size=130.0
BUY_FAILED for BCHSVBTC price=0.021082 size=0.19
sell(1, LRCBTC, 160.0) @ 2.666e-05 (bought @ 2.433e-05, 9.58%)	1.36%
buy(1, LTCBTC, 0.45) @ 0.008881
BUY_FAILED for IOSTBTC price=1.85e-06 size=2150.0
BUY_FAILED for STORJBTC price=4.022e-05 size=100.0
BUY_FAILED for PIVXBTC price=0.000206 size=19.42
BUY_FAILED for NPXSBTC price=1.3e-07 size=30770.0
sell(1, MANABTC, 370.0) @ 1.104e-05 (bought @ 1.093e-05, 1.01%)	1.38%
buy(1, PHXBTC, 1690.0) @ 2.37e-06
BUY_FAILED for HCBTC price=0.0003102 size=12.9
BUY_FAILED for ARNBTC price=8.063e-05 size=50.0
sell(1, ZRXBTC, 50.0) @ 8.072e-05 (bought @ 7.869e-05, 2.58%)	1.29%
buy(1, XZCBTC, 2.71) @ 0.00148
BUY_FAILED for TNBBTC price=8.3e-07 size=4820.0
BUY_FAILED for INSBTC price=8.86e-05 size=45.15
BUY_FAILED for NCASHBTC price=5e-07 size=8000.0
sell(1, ZILBTC, 660.0) @ 6.21e-06 (bought @ 6.1e-06, 1.8%)	1.1%
buy(1, OSTBTC, 630.0) @ 6.38e-06
sell(1, DLTBTC, 110.0) @ 3.311e-05 (bought @ 3.483e-05, -4.94%)	1.12%
buy(1, ZRXBTC, 50.0) @ 8.078e-05
BUY_FAILED for TNTBTC price=4.38e-06 size=910.0
BUY_FAILED for RENBTC price=5.4e-06 size=740.0
sell(1, QKCBTC, 410.0) @ 9.78e-06 (bought @ 9.74e-06, 0.41%)	1.15%
buy(1, ASTBTC, 470.0) @ 8.59e-06
BUY_FAILED for ETCBTC price=0.001204 size=3.32

Trade Symbol Profits:
NEOBTC (1): -0.28%
GTOBTC (1): -4.26%
PHXBTC (1): 0.0%
LTCBTC (1): -0.69%
LUNBTC (1): 30.02%
WPRBTC (1): 0.0%
NANOBTC (1): 4.74%
DCRBTC (1): -1.45%
DATABTC (1): -1.68%
DNTBTC (1): -0.29%
IOTABTC (1): -0.83%
EOSBTC (1): 1.59%
ENJBTC (1): 2.58%
YOYOBTC (1): 13.3%
DASHBTC (1): 2.63%
POWRBTC (1): 0.11%
OSTBTC (1): -0.63%
GXSBTC (1): -1.65%
XZCBTC (1): -0.74%
IOTXBTC (1): 1.35%
QSPBTC (1): 1.71%
WAVESBTC (1): 11.81%
ICXBTC (1): -1.83%
ADABTC (1): -0.49%
BCDBTC (1): -1.79%
SYSBTC (1): -0.66%
SNGLSBTC (1): -4.35%
TUSDBTC (1): -2.05%
BATBTC (1): 0.15%
RVNBTC (1): 1.3%
VETBTC (1): 0.0%
AGIBTC (1): 4.76%
ONTBTC (1): 1.99%
ARKBTC (1): -2.2%
ARDRBTC (1): -2.76%
DOCKBTC (1): 5.71%
ZRXBTC (1): -0.3%
BLZBTC (1): 0.5%
GOBTC (1): 1.48%
ASTBTC (1): -0.35%
AEBTC (1): -1.02%
KMDBTC (1): -1.41%
XMRBTC (1): -0.21%
FUELBTC (1): 4.8%
BCHABCBTC (1): 5.05%
XRPBTC (1): -1.91%
LENDBTC (1): 3.52%
THETABTC (1): 9.12%
RDNBTC (1): 0.78%
DGDBTC (1): -2.33%

Results:
Total Capture Time:	49.12 hours
Initial BTC total:	0.2
Final BTC total:	0.202165967
Percent Profit: 	1.08%
