Running simulate with cryptocurrency_database.miniticker_collection_11232018.db signal TrendStateTrack_Signal
Resetting initial BTC...
Initial BTC value = 0.2
Running MultiTrade simulation strategy basic_signal_market_strategy signal(s) TrendStateTrack_Signal
Resetting initial BTC...
buy(1, XRPBTC, 40.0) @ 9.591e-05
buy(1, BCHSVBTC, 0.419) @ 0.009553
buy(1, MANABTC, 290.0) @ 1.362e-05
buy(1, QKCBTC, 390.0) @ 1.018e-05
buy(1, EOSBTC, 4.78) @ 0.0008372
buy(1, RVNBTC, 980.0) @ 4.09e-06
buy(1, DOCKBTC, 1360.0) @ 2.94e-06
buy(1, LINKBTC, 50.0) @ 7.863e-05
buy(1, OMGBTC, 9.9) @ 0.000404
buy(1, REPBTC, 1.646) @ 0.00243
buy(1, IOTABTC, 60.0) @ 7.177e-05
buy(1, ADABTC, 400.0) @ 1.005e-05
buy(1, ELFBTC, 130.0) @ 3.04e-05
buy(1, MDABTC, 20.0) @ 0.00016042
buy(1, XLMBTC, 90.0) @ 4.264e-05
buy(1, POWRBTC, 190.0) @ 2.068e-05
buy(1, IOTXBTC, 1810.0) @ 2.2e-06
buy(1, ASTBTC, 480.0) @ 8.35e-06
buy(1, MITHBTC, 130.0) @ 3.074e-05
buy(1, PHXBTC, 1540.0) @ 2.6e-06
buy(1, GOBTC, 440.0) @ 9.06e-06
buy(1, ARKBTC, 37.95) @ 0.0001053
buy(1, MCOBTC, 7.5) @ 0.000531
buy(1, ARNBTC, 60.0) @ 7.051e-05
buy(1, WPRBTC, 1180.0) @ 3.38e-06
buy(1, POLYBTC, 130.0) @ 3.015e-05
buy(1, VIBBTC, 740.0) @ 5.37e-06
buy(1, BCPTBTC, 420.0) @ 9.43e-06
buy(1, BRDBTC, 60.0) @ 7.185e-05
buy(1, ENGBTC, 50.0) @ 7.83e-05
buy(1, KNCBTC, 90.0) @ 4.417e-05
buy(1, HCBTC, 17.74) @ 0.0002255
sell(1, MITHBTC, 130.0) @ 2.917e-05 (bought @ 3.074e-05, -5.11%)	-0.21%
sell(1, REPBTC, 1.646) @ 0.002333 (bought @ 0.00243, -3.99%)	-0.35%
buy(1, FUELBTC, 1320.0) @ 3.04e-06
buy(1, EVXBTC, 60.0) @ 6.425e-05
buy(1, MODBTC, 44.64) @ 8.8e-05
buy(1, STORJBTC, 110.0) @ 3.74e-05
sell(1, MDABTC, 20.0) @ 0.00015212 (bought @ 0.00016042, -5.17%)	-0.33%
buy(1, BCHABCBTC, 0.083000000) @ 0.048197
buy(1, MTLBTC, 59.35) @ 6.74e-05
buy(1, CNDBTC, 1310.0) @ 3.07e-06
buy(1, APPCBTC, 360.0) @ 1.118e-05
sell(1, POLYBTC, 130.0) @ 3.05e-05 (bought @ 3.015e-05, 1.16%)	-0.06%
buy(1, QLCBTC, 680.0) @ 5.91e-06
buy(1, RCNBTC, 1170.0) @ 3.4e-06
buy(1, ONTBTC, 18.03) @ 0.0002214
buy(1, NEOBTC, 2.07) @ 0.001934
buy(1, BCDBTC, 16.667) @ 0.000239
buy(1, WABIBTC, 120.0) @ 3.277e-05
buy(1, NULSBTC, 30.0) @ 0.00013125
buy(1, NEBLBTC, 16.67) @ 0.00024
buy(1, ZRXBTC, 40.0) @ 9.259e-05
buy(1, RDNBTC, 70.0) @ 5.955e-05
buy(1, HOTBTC, 30770.0) @ 1.3e-07
sell(1, HCBTC, 17.74) @ 0.000228 (bought @ 0.0002255, 1.11%)	-0.31%
buy(1, WTCBTC, 12.64) @ 0.0003164
buy(1, AEBTC, 28.9) @ 0.0001394
buy(1, NAVBTC, 95.24) @ 4.21e-05
sell(1, GOBTC, 440.0) @ 8.6e-06 (bought @ 9.06e-06, -5.08%)	-0.3%
buy(1, GVTBTC, 3.31) @ 0.00121
BUY_FAILED for ARDRBTC price=1.341e-05 size=300.0
BUY_FAILED for STRATBTC price=0.0001853 size=21.59
sell(1, BRDBTC, 60.0) @ 6.537e-05 (bought @ 7.185e-05, -9.02%)	-0.27%
buy(1, SNMBTC, 610.0) @ 6.53e-06
sell(1, HOTBTC, 30770.0) @ 1.4e-07 (bought @ 1.3e-07, 7.69%)	-0.43%
buy(1, TUSDBTC, 20.0) @ 0.00023781
BUY_FAILED for ADXBTC price=2.379e-05 size=170.0
sell(1, RVNBTC, 980.0) @ 3.88e-06 (bought @ 4.09e-06, -5.13%)	-0.23%
buy(1, PAXBTC, 20.0) @ 0.00023624
sell(1, PHXBTC, 1540.0) @ 2.49e-06 (bought @ 2.6e-06, -4.23%)	-0.38%
buy(1, HCBTC, 17.97) @ 0.0002238
BUY_FAILED for BQXBTC price=3.344e-05 size=120.0
sell(1, LINKBTC, 50.0) @ 7.455e-05 (bought @ 7.863e-05, -5.19%)	-0.55%
buy(1, WANBTC, 39.22) @ 0.000102
sell(1, WPRBTC, 1180.0) @ 3.41e-06 (bought @ 3.38e-06, 0.89%)	-0.41%
buy(1, GASBTC, 6.88) @ 0.000581
BUY_FAILED for ZECBTC price=0.017706 size=0.226
BUY_FAILED for IOSTBTC price=1.19e-06 size=3360.0
sell(1, IOTABTC, 60.0) @ 7.234e-05 (bought @ 7.177e-05, 0.79%)	-0.37%
buy(1, USDCBTC, 20.0) @ 0.00023652
sell(1, FUELBTC, 1320.0) @ 2.89e-06 (bought @ 3.04e-06, -4.93%)	-0.46%
buy(1, DENTBTC, 14810.0) @ 2.7e-07
BUY_FAILED for BLZBTC price=1.32e-05 size=300.0
sell(1, VIBBTC, 740.0) @ 5.43e-06 (bought @ 5.37e-06, 1.12%)	-0.34%
buy(1, OAXBTC, 140.0) @ 2.795e-05
BUY_FAILED for INSBTC price=5.88e-05 size=67.8
sell(1, IOTXBTC, 1810.0) @ 2.23e-06 (bought @ 2.2e-06, 1.36%)	-0.16%
buy(1, ADXBTC, 180.0) @ 2.249e-05
sell(1, NEOBTC, 2.07) @ 0.001954 (bought @ 0.001934, 1.03%)	-0.28%
buy(1, XMRBTC, 0.262) @ 0.015267
BUY_FAILED for TRXBTC price=3.14e-06 size=1270.0
sell(1, ARNBTC, 60.0) @ 7.312e-05 (bought @ 7.051e-05, 3.7%)	-0.12%
buy(1, CMTBTC, 370.0) @ 1.09e-05
BUY_FAILED for ETCBTC price=0.001199 size=3.33
BUY_FAILED for QTUMBTC price=0.000535 size=7.48
sell(1, MODBTC, 44.64) @ 8.9e-05 (bought @ 8.8e-05, 1.14%)	-0.09%
buy(1, ICXBTC, 64.1) @ 6.25e-05
sell(1, QKCBTC, 390.0) @ 1.029e-05 (bought @ 1.018e-05, 1.08%)	-0.02%
buy(1, NANOBTC, 15.85) @ 0.0002526
sell(1, ZRXBTC, 40.0) @ 9.35e-05 (bought @ 9.259e-05, 0.98%)	0.4%
buy(1, BQXBTC, 120.0) @ 3.437e-05
BUY_FAILED for NEOBTC price=0.001992 size=2.01
sell(1, APPCBTC, 360.0) @ 1.126e-05 (bought @ 1.118e-05, 0.72%)	0.53%
buy(1, ZECBTC, 0.224) @ 0.017828
BUY_FAILED for GTOBTC price=7.02e-06 size=570.0
BUY_FAILED for LTCBTC price=0.007489 size=0.53
sell(1, POWRBTC, 190.0) @ 2.091e-05 (bought @ 2.068e-05, 1.11%)	0.59%
buy(1, BATBTC, 110.0) @ 3.782e-05
BUY_FAILED for DASHBTC price=0.023044 size=0.174
sell(1, BCHSVBTC, 0.419) @ 0.013322 (bought @ 0.009553, 39.45%)	0.81%
buy(1, ARNBTC, 50.0) @ 7.599e-05
BUY_FAILED for STRATBTC price=0.0001888 size=21.18
sell(1, MCOBTC, 7.5) @ 0.000535 (bought @ 0.000531, 0.75%)	0.67%
buy(1, POLYBTC, 130.0) @ 3.08e-05
BUY_FAILED for MFTBTC price=9.5e-07 size=4260.0
BUY_FAILED for BTGBTC price=0.0046 size=0.87
BUY_FAILED for VETBTC price=1.19e-06 size=3360.0
BUY_FAILED for ZILBTC price=3.87e-06 size=1030.0
BUY_FAILED for MDABTC price=0.00015597 size=30.0
BUY_FAILED for SUBBTC price=1.135e-05 size=350.0
BUY_FAILED for ARDRBTC price=1.384e-05 size=290.0
sell(1, DOCKBTC, 1360.0) @ 2.96e-06 (bought @ 2.94e-06, 0.68%)	0.62%
buy(1, TRXBTC, 1260.0) @ 3.16e-06
BUY_FAILED for DGDBTC price=0.004522 size=0.885
BUY_FAILED for IOTABTC price=7.283e-05 size=60.0
sell(1, ASTBTC, 480.0) @ 8.5e-06 (bought @ 8.35e-06, 1.8%)	0.72%
buy(1, POWRBTC, 190.0) @ 2.072e-05
BUY_FAILED for ETCBTC price=0.001191 size=3.36
BUY_FAILED for AMBBTC price=1.998e-05 size=200.0
BUY_FAILED for ZRXBTC price=9.309e-05 size=40.0
BUY_FAILED for QTUMBTC price=0.00054 size=7.39
BUY_FAILED for NASBTC price=0.0001737 size=23.08
sell(1, HCBTC, 17.97) @ 0.0002262 (bought @ 0.0002238, 1.07%)	0.41%
buy(1, NEOBTC, 2.02) @ 0.001977
BUY_FAILED for CDTBTC price=2.29e-06 size=1750.0
BUY_FAILED for RVNBTC price=4e-06 size=1000.0
sell(1, NULSBTC, 30.0) @ 0.00012501 (bought @ 0.00013125, -4.75%)	0.35%
buy(1, DOCKBTC, 1370.0) @ 2.92e-06
BUY_FAILED for QKCBTC price=1.036e-05 size=390.0
BUY_FAILED for XEMBTC price=1.795e-05 size=220.0
BUY_FAILED for STEEMBTC price=8.83e-05 size=45.25
BUY_FAILED for MTHBTC price=5.16e-06 size=780.0
BUY_FAILED for ASTBTC price=8.53e-06 size=470.0
BUY_FAILED for CVCBTC price=1.522e-05 size=260.0
sell(1, ADXBTC, 180.0) @ 2.319e-05 (bought @ 2.249e-05, 3.11%)	0.22%
buy(1, FUELBTC, 1350.0) @ 2.96e-06
BUY_FAILED for ENJBTC price=6.25e-06 size=640.0
sell(1, ONTBTC, 18.03) @ 0.000226 (bought @ 0.0002214, 2.08%)	0.3%
buy(1, BCHSVBTC, 0.293) @ 0.013619
BUY_FAILED for MFTBTC price=9.3e-07 size=4300.0
BUY_FAILED for NPXSBTC price=1.7e-07 size=22220.0
sell(1, EVXBTC, 60.0) @ 6.533e-05 (bought @ 6.425e-05, 1.68%)	0.19%
buy(1, MDABTC, 30.0) @ 0.00015301
sell(1, WABIBTC, 120.0) @ 3.365e-05 (bought @ 3.277e-05, 2.69%)	0.1%
buy(1, DNTBTC, 1360.0) @ 2.94e-06
BUY_FAILED for GTOBTC price=7.06e-06 size=570.0
sell(1, BQXBTC, 120.0) @ 3.258e-05 (bought @ 3.437e-05, -5.21%)	0.13%
buy(1, QKCBTC, 360.0) @ 1.125e-05
BUY_FAILED for BTGBTC price=0.004676 size=0.85
BUY_FAILED for XEMBTC price=1.774e-05 size=230.0
sell(1, ARKBTC, 37.95) @ 0.0001 (bought @ 0.0001053, -5.03%)	0.13%
buy(1, NCASHBTC, 7690.0) @ 5.2e-07
BUY_FAILED for DLTBTC price=9.3e-06 size=430.0
BUY_FAILED for RVNBTC price=4.04e-06 size=990.0
BUY_FAILED for GNTBTC price=2.094e-05 size=190.0
BUY_FAILED for LOOMBTC price=1.228e-05 size=330.0
sell(1, BCHABCBTC, 0.083000000) @ 0.048783 (bought @ 0.048197, 1.22%)	0.52%
buy(1, GRSBTC, 60.0) @ 6.6e-05
BUY_FAILED for ASTBTC price=8.43e-06 size=470.0
BUY_FAILED for POABTC price=9.06e-06 size=440.0
BUY_FAILED for SALTBTC price=5.9e-05 size=67.57
sell(1, WANBTC, 39.22) @ 0.0001028 (bought @ 0.000102, 0.78%)	0.01%
buy(1, CVCBTC, 250.0) @ 1.569e-05
BUY_FAILED for DASHBTC price=0.02323 size=0.172
sell(1, GASBTC, 6.88) @ 0.000602 (bought @ 0.000581, 3.61%)	0.1%
buy(1, YOYOBTC, 970.0) @ 4.14e-06
BUY_FAILED for REPBTC price=0.002172 size=1.839
BUY_FAILED for BCHABCBTC price=0.0478 size=0.084000000
BUY_FAILED for CDTBTC price=2.27e-06 size=1750.0
BUY_FAILED for NASBTC price=0.000173 size=23.2
sell(1, MDABTC, 30.0) @ 0.00015456 (bought @ 0.00015301, 1.01%)	0.02%
buy(1, ADXBTC, 170.0) @ 2.371e-05
BUY_FAILED for PIVXBTC price=0.0001737 size=22.95
BUY_FAILED for AMBBTC price=2.018e-05 size=200.0
sell(1, ARNBTC, 50.0) @ 7.01e-05 (bought @ 7.599e-05, -7.75%)	0.15%
buy(1, IOTABTC, 50.0) @ 7.34e-05
BUY_FAILED for VIBEBTC price=6.66e-06 size=600.0
BUY_FAILED for THETABTC price=1.306e-05 size=310.0
BUY_FAILED for SKYBTC price=0.000339 size=11.73
sell(1, NEBLBTC, 16.67) @ 0.0002444 (bought @ 0.00024, 1.83%)	0.24%
buy(1, HCBTC, 17.87) @ 0.0002241
sell(1, CNDBTC, 1310.0) @ 2.93e-06 (bought @ 3.07e-06, -4.56%)	0.32%
buy(1, PHXBTC, 1590.0) @ 2.52e-06
BUY_FAILED for AGIBTC price=8.08e-06 size=500.0
BUY_FAILED for MCOBTC price=0.000536 size=7.46
sell(1, MANABTC, 290.0) @ 1.372e-05 (bought @ 1.362e-05, 0.73%)	0.58%
buy(1, MDABTC, 20.0) @ 0.000166
BUY_FAILED for ASTBTC price=8.38e-06 size=480.0
sell(1, DOCKBTC, 1370.0) @ 2.94e-06 (bought @ 2.92e-06, 0.68%)	0.6%
buy(1, SALTBTC, 69.32) @ 5.77e-05
BUY_FAILED for BTGBTC price=0.004898 size=0.82
BUY_FAILED for WPRBTC price=3.53e-06 size=1130.0
sell(1, GVTBTC, 3.31) @ 0.0012369 (bought @ 0.00121, 2.22%)	0.25%
buy(1, VETBTC, 3360.0) @ 1.18e-06
BUY_FAILED for LUNBTC price=0.0004138 size=9.69
BUY_FAILED for LTCBTC price=0.007437 size=0.54
BUY_FAILED for DOCKBTC price=2.88e-06 size=1390.0
BUY_FAILED for REPBTC price=0.00215 size=1.859
sell(1, NANOBTC, 15.85) @ 0.0002396 (bought @ 0.0002526, -5.15%)	-0.25%
buy(1, BTGBTC, 0.82) @ 0.004865
BUY_FAILED for MCOBTC price=0.000546 size=7.33
BUY_FAILED for BCHABCBTC price=0.046841 size=0.085000000
BUY_FAILED for RVNBTC price=4.08e-06 size=980.0
sell(1, XLMBTC, 90.0) @ 4.05e-05 (bought @ 4.264e-05, -5.02%)	-0.28%
buy(1, ONTBTC, 17.7) @ 0.000226
BUY_FAILED for DATABTC price=4.67e-06 size=860.0
BUY_FAILED for LRCBTC price=1.087e-05 size=370.0
BUY_FAILED for NULSBTC price=0.00012715 size=30.0
sell(1, FUELBTC, 1350.0) @ 2.81e-06 (bought @ 2.96e-06, -5.07%)	-0.43%
buy(1, WPRBTC, 1160.0) @ 3.44e-06
sell(1, BCPTBTC, 420.0) @ 8.95e-06 (bought @ 9.43e-06, -5.09%)	-0.4%
buy(1, ETCBTC, 3.38) @ 0.001181
BUY_FAILED for LINKBTC price=7.479e-05 size=50.0
sell(1, ADABTC, 400.0) @ 9.59e-06 (bought @ 1.005e-05, -4.58%)	-0.38%
buy(1, MITHBTC, 140.0) @ 2.798e-05
BUY_FAILED for MODBTC price=8.64e-05 size=46.14
BUY_FAILED for PPTBTC price=0.0003841 size=10.49
sell(1, OAXBTC, 140.0) @ 2.647e-05 (bought @ 2.795e-05, -5.3%)	-0.38%
buy(1, CDTBTC, 1760.0) @ 2.26e-06
sell(1, ENGBTC, 50.0) @ 7.434e-05 (bought @ 7.83e-05, -5.06%)	-0.46%
buy(1, SKYBTC, 12.27) @ 0.000329
sell(1, GRSBTC, 60.0) @ 6.48e-05 (bought @ 6.6e-05, -1.82%)	-0.4%
buy(1, DLTBTC, 450.0) @ 8.98e-06
sell(1, IOTABTC, 50.0) @ 6.984e-05 (bought @ 7.34e-05, -4.85%)	-0.39%
buy(1, ASTBTC, 480.0) @ 8.28e-06
sell(1, EOSBTC, 4.78) @ 0.0008472 (bought @ 0.0008372, 1.19%)	-0.44%
buy(1, BLZBTC, 300.0) @ 1.342e-05
sell(1, ELFBTC, 130.0) @ 2.891e-05 (bought @ 3.04e-05, -4.9%)	-0.62%
buy(1, BTSBTC, 330.0) @ 1.202e-05
BUY_FAILED for VIBEBTC price=6.45e-06 size=620.0
sell(1, BCHSVBTC, 0.293) @ 0.014503 (bought @ 0.013619, 6.49%)	-0.62%
buy(1, QTUMBTC, 7.39) @ 0.000542
sell(1, WTCBTC, 12.64) @ 0.0002978 (bought @ 0.0003164, -5.88%)	-0.52%
buy(1, IOSTBTC, 3250.0) @ 1.22e-06
sell(1, MDABTC, 20.0) @ 0.00014849 (bought @ 0.000166, -10.55%)	-0.71%
buy(1, DASHBTC, 0.166) @ 0.023977
sell(1, DLTBTC, 450.0) @ 8.61e-06 (bought @ 8.98e-06, -4.12%)	-0.89%
sell(1, NAVBTC, 95.24) @ 3.86e-05 (bought @ 4.21e-05, -8.31%)	-0.91%
sell(1, NCASHBTC, 7690.0) @ 5e-07 (bought @ 5.2e-07, -3.85%)	-0.86%
buy(1, NASBTC, 22.41) @ 0.0001785
sell(1, SNMBTC, 610.0) @ 6.64e-06 (bought @ 6.53e-06, 1.68%)	-0.99%
sell(1, DNTBTC, 1360.0) @ 2.79e-06 (bought @ 2.94e-06, -5.1%)	-1.04%
sell(1, QLCBTC, 680.0) @ 5.59e-06 (bought @ 5.91e-06, -5.41%)	-1.21%
sell(1, DENTBTC, 14810.0) @ 2.7e-07 (bought @ 2.7e-07, 0.0%)	-1.32%
buy(1, EOSBTC, 4.75) @ 0.0008405
sell(1, YOYOBTC, 970.0) @ 3.94e-06 (bought @ 4.14e-06, -4.83%)	-1.28%
buy(1, ZRXBTC, 40.0) @ 9.15e-05
sell(1, PHXBTC, 1590.0) @ 2.41e-06 (bought @ 2.52e-06, -4.37%)	-1.38%
sell(1, BCDBTC, 16.667) @ 0.000257 (bought @ 0.000239, 7.53%)	-1.6%
sell(1, ASTBTC, 480.0) @ 7.84e-06 (bought @ 8.28e-06, -5.31%)	-1.62%
sell(1, POWRBTC, 190.0) @ 1.96e-05 (bought @ 2.072e-05, -5.41%)	-1.63%
sell(1, IOSTBTC, 3250.0) @ 1.13e-06 (bought @ 1.22e-06, -7.38%)	-1.77%
buy(1, EDOBTC, 21.27) @ 0.0001879
sell(1, ADXBTC, 170.0) @ 2.205e-05 (bought @ 2.371e-05, -7.0%)	-1.75%
buy(1, BNTBTC, 20.0) @ 0.0001735
sell(1, ETCBTC, 3.38) @ 0.00119 (bought @ 0.001181, 0.76%)	-1.3%
buy(1, MANABTC, 290.0) @ 1.387e-05
buy(1, THETABTC, 300.0) @ 1.303e-05
sell(1, RCNBTC, 1170.0) @ 3.44e-06 (bought @ 3.4e-06, 1.18%)	-1.19%
sell(1, BLZBTC, 300.0) @ 1.356e-05 (bought @ 1.342e-05, 1.04%)	-1.37%
sell(1, SKYBTC, 12.27) @ 0.00033 (bought @ 0.000329, 0.3%)	-1.59%
sell(1, BTGBTC, 0.82) @ 0.00489 (bought @ 0.004865, 0.51%)	-1.39%
sell(1, ZECBTC, 0.224) @ 0.016927 (bought @ 0.017828, -5.05%)	-1.49%
buy(1, GOBTC, 480.0) @ 8.36e-06
buy(1, LTCBTC, 0.53) @ 0.007554
buy(1, ETCBTC, 3.25) @ 0.001232
buy(1, PIVXBTC, 22.22) @ 0.0001787
buy(1, RVNBTC, 980.0) @ 4.09e-06
buy(1, MCOBTC, 7.39) @ 0.000542
buy(1, XEMBTC, 220.0) @ 1.795e-05
sell(1, OMGBTC, 9.9) @ 0.000384 (bought @ 0.000404, -4.95%)	-1.5%
buy(1, GNTBTC, 190.0) @ 2.126e-05
buy(1, LSKBTC, 11.46) @ 0.0003488
buy(1, BCHSVBTC, 0.242) @ 0.016502
buy(1, NULSBTC, 30.0) @ 0.00012554
buy(1, ARDRBTC, 280.0) @ 1.42e-05
buy(1, ADABTC, 410.0) @ 9.8e-06
sell(1, MITHBTC, 140.0) @ 2.585e-05 (bought @ 2.798e-05, -7.61%)	-1.88%
buy(1, PPTBTC, 10.35) @ 0.0003863
sell(1, KNCBTC, 90.0) @ 4.2e-05 (bought @ 4.417e-05, -4.91%)	-1.76%
sell(1, MTLBTC, 59.35) @ 6.38e-05 (bought @ 6.74e-05, -5.34%)	-1.83%
buy(1, BTGBTC, 0.83) @ 0.004823
buy(1, POABTC, 440.0) @ 9.12e-06
sell(1, SALTBTC, 69.32) @ 5.47e-05 (bought @ 5.77e-05, -5.2%)	-2.08%
buy(1, BCDBTC, 13.841) @ 0.000287
sell(1, STORJBTC, 110.0) @ 3.551e-05 (bought @ 3.74e-05, -5.05%)	-2.44%
sell(1, XRPBTC, 40.0) @ 9.111e-05 (bought @ 9.591e-05, -5.0%)	-2.5%
sell(1, CVCBTC, 250.0) @ 1.49e-05 (bought @ 1.569e-05, -5.04%)	-2.52%
sell(1, POLYBTC, 130.0) @ 2.92e-05 (bought @ 3.08e-05, -5.19%)	-2.6%
sell(1, ICXBTC, 64.1) @ 5.93e-05 (bought @ 6.25e-05, -5.12%)	-2.8%
sell(1, AEBTC, 28.9) @ 0.0001509 (bought @ 0.0001394, 8.25%)	-3.15%
sell(1, BATBTC, 110.0) @ 3.604e-05 (bought @ 3.782e-05, -4.71%)	-3.27%
buy(1, AGIBTC, 500.0) @ 8.06e-06
sell(1, QTUMBTC, 7.39) @ 0.000516 (bought @ 0.000542, -4.8%)	-3.41%
sell(1, GOBTC, 480.0) @ 7.74e-06 (bought @ 8.36e-06, -7.42%)	-3.44%
sell(1, PPTBTC, 10.35) @ 0.0003644 (bought @ 0.0003863, -5.67%)	-3.42%
sell(1, WPRBTC, 1160.0) @ 3.27e-06 (bought @ 3.44e-06, -4.94%)	-3.55%
sell(1, VETBTC, 3360.0) @ 1.13e-06 (bought @ 1.18e-06, -4.24%)	-3.49%
buy(1, BCHABCBTC, 0.087000000) @ 0.0461
buy(1, WABIBTC, 120.0) @ 3.401e-05
sell(1, ADABTC, 410.0) @ 9.32e-06 (bought @ 9.8e-06, -4.9%)	-3.24%
sell(1, ZRXBTC, 40.0) @ 9.234e-05 (bought @ 9.15e-05, 0.92%)	-3.26%
sell(1, MANABTC, 290.0) @ 1.316e-05 (bought @ 1.387e-05, -5.12%)	-3.19%
sell(1, MCOBTC, 7.39) @ 0.000549 (bought @ 0.000542, 1.29%)	-3.22%
sell(1, THETABTC, 300.0) @ 1.243e-05 (bought @ 1.303e-05, -4.6%)	-3.08%
buy(1, ZRXBTC, 40.0) @ 9.38e-05
buy(1, GRSBTC, 60.0) @ 6.526e-05
buy(1, NANOBTC, 16.29) @ 0.0002457
buy(1, MCOBTC, 7.46) @ 0.000536
buy(1, RCNBTC, 1120.0) @ 3.55e-06
buy(1, BLZBTC, 300.0) @ 1.355e-05
sell(1, RVNBTC, 980.0) @ 3.88e-06 (bought @ 4.09e-06, -5.13%)	-3.26%
sell(1, RDNBTC, 70.0) @ 5.669e-05 (bought @ 5.955e-05, -4.8%)	-3.28%
buy(1, XVGBTC, 2780.0) @ 1.45e-06
sell(1, NASBTC, 22.41) @ 0.0001691 (bought @ 0.0001785, -5.27%)	-3.21%
sell(1, ONTBTC, 17.7) @ 0.0002147 (bought @ 0.000226, -5.0%)	-3.28%
sell(1, CDTBTC, 1760.0) @ 2.13e-06 (bought @ 2.26e-06, -5.75%)	-3.44%
sell(1, BCHABCBTC, 0.087000000) @ 0.043728 (bought @ 0.0461, -5.15%)	-3.42%
buy(1, IOSTBTC, 3570.0) @ 1.12e-06
sell(1, IOSTBTC, 3570.0) @ 1.14e-06 (bought @ 1.12e-06, 1.79%)	-2.96%
sell(1, HCBTC, 17.87) @ 0.0002311 (bought @ 0.0002241, 3.12%)	-3.11%
buy(1, SYSBTC, 440.0) @ 9.04e-06
buy(1, IOTABTC, 60.0) @ 7.283e-05
sell(1, TUSDBTC, 20.0) @ 0.00026588 (bought @ 0.00023781, 11.8%)	-3.02%
sell(1, PAXBTC, 20.0) @ 0.00026406 (bought @ 0.00023624, 11.78%)	-3.05%
sell(1, USDCBTC, 20.0) @ 0.00026532 (bought @ 0.00023652, 12.18%)	-3.09%
sell(1, BTGBTC, 0.83) @ 0.004899 (bought @ 0.004823, 1.58%)	-2.86%
buy(1, THETABTC, 300.0) @ 1.322e-05
buy(1, YOYOBTC, 990.0) @ 4.04e-06
sell(1, LTCBTC, 0.53) @ 0.007609 (bought @ 0.007554, 0.73%)	-2.95%
buy(1, HOTBTC, 30770.0) @ 1.3e-07
buy(1, EVXBTC, 60.0) @ 6.261e-05
sell(1, XEMBTC, 220.0) @ 1.706e-05 (bought @ 1.795e-05, -4.96%)	-3.05%
buy(1, ZILBTC, 1080.0) @ 3.71e-06
buy(1, HCBTC, 16.93) @ 0.0002363
buy(1, WANBTC, 41.15) @ 9.75e-05
buy(1, RVNBTC, 1010.0) @ 3.98e-06
buy(1, WAVESBTC, 15.33) @ 0.0002619
buy(1, ZECBTC, 0.24) @ 0.016637
buy(1, STEEMBTC, 46.89) @ 8.55e-05
buy(1, MITHBTC, 150.0) @ 2.583e-05
buy(1, STRATBTC, 22.54) @ 0.0001776
sell(1, DASHBTC, 0.166) @ 0.022843 (bought @ 0.023977, -4.73%)	-3.13%
sell(1, ETCBTC, 3.25) @ 0.001172 (bought @ 0.001232, -4.87%)	-3.32%
buy(1, GASBTC, 6.83) @ 0.00059
buy(1, ARNBTC, 60.0) @ 6.651e-05
buy(1, DLTBTC, 460.0) @ 8.8e-06
buy(1, SKYBTC, 12.27) @ 0.000325
buy(1, ENJBTC, 660.0) @ 6.06e-06
buy(1, XRPBTC, 40.0) @ 9.11e-05
buy(1, ICXBTC, 68.03) @ 5.88e-05
sell(1, NULSBTC, 30.0) @ 0.00012726 (bought @ 0.00012554, 1.37%)	-2.72%
buy(1, LINKBTC, 60.0) @ 6.982e-05
sell(1, BCDBTC, 13.841) @ 0.000272 (bought @ 0.000287, -5.23%)	-2.96%
buy(1, SALTBTC, 73.26) @ 5.46e-05
sell(1, ARDRBTC, 280.0) @ 1.435e-05 (bought @ 1.42e-05, 1.06%)	-2.8%
buy(1, MANABTC, 290.0) @ 1.358e-05
BUY_FAILED for MDABTC price=0.00015358 size=30.0
BUY_FAILED for MFTBTC price=8.8e-07 size=4550.0
BUY_FAILED for INSBTC price=5.29e-05 size=75.19

Trade Symbol Profits:
NEOBTC (1): -3.84%
LSKBTC (1): -3.67%
HOTBTC (1): 0.0%
NANOBTC (1): 0.37%
STRATBTC (1): -2.59%
EDOBTC (1): 1.97%
IOTABTC (1): -1.54%
MITHBTC (1): -2.94%
RCNBTC (1): 0.0%
EOSBTC (1): 0.44%
GNTBTC (1): -0.94%
BNTBTC (1): -1.3%
ENJBTC (1): -0.5%
YOYOBTC (1): -1.24%
GRSBTC (1): -0.87%
DLTBTC (1): 1.36%
WABIBTC (1): 2.59%
BTSBTC (1): 1.41%
WAVESBTC (1): 0.95%
ICXBTC (1): -1.02%
LINKBTC (1): 0.34%
SYSBTC (1): -1.99%
TRXBTC (1): -3.8%
GASBTC (1): -3.22%
BCHSVBTC (1): 28.62%
POABTC (1): 5.7%
MCOBTC (1): 2.61%
XVGBTC (1): 0.0%
ZILBTC (1): -3.5%
RVNBTC (1): 2.51%
AGIBTC (1): 2.85%
PIVXBTC (1): -0.06%
HCBTC (1): 0.17%
SKYBTC (1): -0.92%
SALTBTC (1): -0.92%
CMTBTC (1): 1.74%
ZRXBTC (1): -4.7%
BLZBTC (1): -0.15%
WANBTC (1): -1.03%
ARNBTC (1): 0.71%
STEEMBTC (1): 1.75%
QKCBTC (1): 14.13%
EVXBTC (1): -0.02%
XMRBTC (1): -4.08%
XRPBTC (1): -0.42%
ZECBTC (1): 2.05%
THETABTC (1): -2.04%
MANABTC (1): -0.59%

Results:
Total Capture Time:	58.09 hours
Initial BTC total:	0.2
Final BTC total:	0.193841356
Percent Profit: 	-3.08%
