Running simulate with cryptocurrency_database.miniticker_collection_04092018.db signal Hybrid_Crossover_Test
Resetting initial BTC...
Initial BTC value = 0.06
Running MultiTrade simulation strategy basic_signal_market_strategy signal(s) Hybrid_Crossover_Test
Resetting initial BTC...
buy(1, TRXBTC, 760.0) @ 5.26e-06
buy(1, EOSBTC, 4.66) @ 0.00085918
buy(1, ELFBTC, 40.0) @ 9.135e-05
buy(1, POABTC, 70.0) @ 6.058e-05
buy(1, ETCBTC, 2.0) @ 0.001998
buy(1, XLMBTC, 140.0) @ 2.911e-05
buy(1, XEMBTC, 120.0) @ 3.362e-05
buy(1, NEBLBTC, 3.63) @ 0.0011016
buy(1, DASHBTC, 0.090000000) @ 0.044397
buy(1, GVTBTC, 1.63) @ 0.0024521
buy(1, WAVESBTC, 7.78) @ 0.0005142
buy(1, VENBTC, 10.0) @ 0.00038796
buy(1, ETHBTC, 0.134) @ 0.05928
ORDER_SIZE_UPDATE for ETHBTC orig_size=0.134 new_size=0.134
buy(1, ELFETH, 60.0) @ 0.00154513
ORDER_SIZE_UPDATE for ETHBTC orig_size=0.134 new_size=0.0412922
buy(1, XVGBTC, 330.0) @ 1.225e-05
sell(1, XVGBTC, 330.0) @ 1.239e-05 (bought @ 1.225e-05, 1.14%)	0.06%
buy(1, DNTBTC, 440.0) @ 9.07e-06
sell(1, DNTBTC, 440.0) @ 9.17e-06 (bought @ 9.07e-06, 1.1%)	-0.17%
buy(1, POWRBTC, 90.0) @ 4.375e-05
sell(1, TRXBTC, 760.0) @ 5.38e-06 (bought @ 5.26e-06, 2.28%)	0.86%
buy(1, MTLBTC, 8.52) @ 0.0004695
sell(1, VENBTC, 10.0) @ 0.00039248 (bought @ 0.00038796, 1.17%)	4.58%
buy(1, NEOBTC, 0.54) @ 0.007459
sell(1, ELFBTC, 40.0) @ 0.0001134 (bought @ 9.135e-05, 24.14%)	4.29%
buy(1, QSPBTC, 230.0) @ 1.738e-05
sell(1, XLMBTC, 140.0) @ 2.941e-05 (bought @ 2.911e-05, 1.03%)	4.3%
buy(1, ICXBTC, 13.49) @ 0.0002965
sell(1, EOSBTC, 4.66) @ 0.00086637 (bought @ 0.00085918, 0.84%)	4.11%
buy(1, LINKBTC, 80.0) @ 4.804e-05
sell(1, ELFETH, 60.0) @ 0.001952 (bought @ 0.00154513, 26.33%)	4.68%
ORDER_SIZE_UPDATE for ETHBTC orig_size=0.0412922 new_size=0.1584122
buy(1, XRPETH, 80.0) @ 0.00121865
ORDER_SIZE_UPDATE for ETHBTC orig_size=0.1584122 new_size=0.0609202
sell(1, ICXBTC, 13.49) @ 0.0003018 (bought @ 0.0002965, 1.79%)	5.51%
buy(1, XVGBTC, 330.0) @ 1.208e-05
sell(1, MTLBTC, 8.52) @ 0.0004742 (bought @ 0.0004695, 1.0%)	5.53%
buy(1, WANBTC, 6.69) @ 0.00059613
sell(1, NEBLBTC, 3.63) @ 0.0011129 (bought @ 0.0011016, 1.03%)	6.12%
buy(1, TRXBTC, 740.0) @ 5.44e-06
sell(1, WANBTC, 6.69) @ 0.00060235 (bought @ 0.00059613, 1.04%)	5.88%
buy(1, BTSBTC, 190.0) @ 2.074e-05
sell(1, QSPBTC, 230.0) @ 1.767e-05 (bought @ 1.738e-05, 1.67%)	6.0%
buy(1, IOSTBTC, 920.0) @ 4.32e-06
sell(1, POABTC, 70.0) @ 6.329e-05 (bought @ 6.058e-05, 4.47%)	6.04%
buy(1, BLZBTC, 80.0) @ 4.925e-05
sell(1, XVGBTC, 330.0) @ 1.298e-05 (bought @ 1.208e-05, 7.45%)	6.09%
buy(1, QTUMBTC, 2.04) @ 0.001956
sell(1, BLZBTC, 80.0) @ 5.112e-05 (bought @ 4.925e-05, 3.8%)	6.79%
buy(1, WPRBTC, 320.0) @ 1.25e-05
sell(1, NEOBTC, 0.54) @ 0.00767 (bought @ 0.007459, 2.83%)	6.55%
buy(1, MCOBTC, 5.15) @ 0.000777

Trade Symbol Profits:
DASHBTC (1): -2.05%
MCOBTC (1): 2.32%
POWRBTC (1): 4.07%
IOSTBTC (1): -0.23%
XEMBTC (1): 0.68%
BTSBTC (1): 0.39%
WPRBTC (1): -2.64%
QTUMBTC (1): 0.61%
WAVESBTC (1): 3.48%
GVTBTC (1): 0.82%
LINKBTC (1): 7.54%
ETHBTC (1): 1.9%
XRPETH (1): -2.54%
TRXBTC (1): -0.74%
ETCBTC (1): 0.35%

Results:
Total Capture Time:	16.87 hours
Initial BTC total:	0.06
Final BTC total:	0.0642401477608
Percent Profit: 	7.07%
